[0.765s] Invoking command in '/home/kachi/ros2_ws/src/mypkg': PYTHONPATH=/home/kachi/ros2_ws/install/mypkg/lib/python3.6/site-packages:${PYTHONPATH} /usr/bin/python3 setup.py egg_info --egg-base ../../build/mypkg build --build-base /home/kachi/ros2_ws/build/mypkg/build install --prefix /home/kachi/ros2_ws/install/mypkg --record /home/kachi/ros2_ws/build/mypkg/install.log --single-version-externally-managed
[1.031s] running egg_info
[1.032s] creating ../../build/mypkg/mypkg.egg-info
[1.032s] writing ../../build/mypkg/mypkg.egg-info/PKG-INFO
[1.032s] writing dependency_links to ../../build/mypkg/mypkg.egg-info/dependency_links.txt
[1.033s] writing entry points to ../../build/mypkg/mypkg.egg-info/entry_points.txt
[1.034s] writing requirements to ../../build/mypkg/mypkg.egg-info/requires.txt
[1.034s] writing top-level names to ../../build/mypkg/mypkg.egg-info/top_level.txt
[1.034s] writing manifest file '../../build/mypkg/mypkg.egg-info/SOURCES.txt'
[1.112s] reading manifest file '../../build/mypkg/mypkg.egg-info/SOURCES.txt'
[1.115s] writing manifest file '../../build/mypkg/mypkg.egg-info/SOURCES.txt'
[1.116s] running build
[1.116s] running build_py
[1.116s] creating /home/kachi/ros2_ws/build/mypkg/build
[1.117s] creating /home/kachi/ros2_ws/build/mypkg/build/lib
[1.117s] creating /home/kachi/ros2_ws/build/mypkg/build/lib/mypkg
[1.117s] copying mypkg/__init__.py -> /home/kachi/ros2_ws/build/mypkg/build/lib/mypkg
[1.117s] running install
[1.117s] running install_lib
[1.119s] creating /home/kachi/ros2_ws/install/mypkg/lib/python3.6/site-packages/mypkg
[1.119s] copying /home/kachi/ros2_ws/build/mypkg/build/lib/mypkg/__init__.py -> /home/kachi/ros2_ws/install/mypkg/lib/python3.6/site-packages/mypkg
[1.120s] byte-compiling /home/kachi/ros2_ws/install/mypkg/lib/python3.6/site-packages/mypkg/__init__.py to __init__.cpython-36.pyc
[1.121s] running install_data
[1.122s] creating /home/kachi/ros2_ws/install/mypkg/share/ament_index
[1.122s] creating /home/kachi/ros2_ws/install/mypkg/share/ament_index/resource_index
[1.123s] creating /home/kachi/ros2_ws/install/mypkg/share/ament_index/resource_index/packages
[1.123s] copying resource/mypkg -> /home/kachi/ros2_ws/install/mypkg/share/ament_index/resource_index/packages
[1.124s] copying package.xml -> /home/kachi/ros2_ws/install/mypkg/share/mypkg
[1.124s] running install_egg_info
[1.128s] Copying ../../build/mypkg/mypkg.egg-info to /home/kachi/ros2_ws/install/mypkg/lib/python3.6/site-packages/mypkg-0.0.0-py3.6.egg-info
[1.130s] running install_scripts
[1.167s] writing list of installed files to '/home/kachi/ros2_ws/build/mypkg/install.log'
[1.205s] Invoked command in '/home/kachi/ros2_ws/src/mypkg' returned '0': PYTHONPATH=/home/kachi/ros2_ws/install/mypkg/lib/python3.6/site-packages:${PYTHONPATH} /usr/bin/python3 setup.py egg_info --egg-base ../../build/mypkg build --build-base /home/kachi/ros2_ws/build/mypkg/build install --prefix /home/kachi/ros2_ws/install/mypkg --record /home/kachi/ros2_ws/build/mypkg/install.log --single-version-externally-managed
