[0.360s] Invoking command in '/home/kachi/ros2_ws/src/mypkg': PYTHONPATH=/home/kachi/ros2_ws/install/mypkg/lib/python3.6/site-packages:${PYTHONPATH} /usr/bin/python3 setup.py egg_info --egg-base ../../build/mypkg build --build-base /home/kachi/ros2_ws/build/mypkg/build install --prefix /home/kachi/ros2_ws/install/mypkg --record /home/kachi/ros2_ws/build/mypkg/install.log --single-version-externally-managed
[0.491s] running egg_info
[0.492s] writing ../../build/mypkg/mypkg.egg-info/PKG-INFO
[0.492s] writing dependency_links to ../../build/mypkg/mypkg.egg-info/dependency_links.txt
[0.492s] writing entry points to ../../build/mypkg/mypkg.egg-info/entry_points.txt
[0.492s] writing requirements to ../../build/mypkg/mypkg.egg-info/requires.txt
[0.492s] writing top-level names to ../../build/mypkg/mypkg.egg-info/top_level.txt
[0.515s] reading manifest file '../../build/mypkg/mypkg.egg-info/SOURCES.txt'
[0.516s] writing manifest file '../../build/mypkg/mypkg.egg-info/SOURCES.txt'
[0.516s] running build
[0.516s] running build_py
[0.516s] copying mypkg/listener.py -> /home/kachi/ros2_ws/build/mypkg/build/lib/mypkg
[0.516s] running install
[0.517s] running install_lib
[0.517s] copying /home/kachi/ros2_ws/build/mypkg/build/lib/mypkg/listener.py -> /home/kachi/ros2_ws/install/mypkg/lib/python3.6/site-packages/mypkg
[0.518s] byte-compiling /home/kachi/ros2_ws/install/mypkg/lib/python3.6/site-packages/mypkg/listener.py to listener.cpython-36.pyc
[0.518s] running install_data
[0.518s] running install_egg_info
[0.519s] removing '/home/kachi/ros2_ws/install/mypkg/lib/python3.6/site-packages/mypkg-0.0.0-py3.6.egg-info' (and everything under it)
[0.520s] Copying ../../build/mypkg/mypkg.egg-info to /home/kachi/ros2_ws/install/mypkg/lib/python3.6/site-packages/mypkg-0.0.0-py3.6.egg-info
[0.520s] running install_scripts
[0.533s] Installing listener script to /home/kachi/ros2_ws/install/mypkg/lib/mypkg
[0.533s] Installing talker script to /home/kachi/ros2_ws/install/mypkg/lib/mypkg
[0.534s] writing list of installed files to '/home/kachi/ros2_ws/build/mypkg/install.log'
[0.549s] Invoked command in '/home/kachi/ros2_ws/src/mypkg' returned '0': PYTHONPATH=/home/kachi/ros2_ws/install/mypkg/lib/python3.6/site-packages:${PYTHONPATH} /usr/bin/python3 setup.py egg_info --egg-base ../../build/mypkg build --build-base /home/kachi/ros2_ws/build/mypkg/build install --prefix /home/kachi/ros2_ws/install/mypkg --record /home/kachi/ros2_ws/build/mypkg/install.log --single-version-externally-managed
