[0.558s] Invoking command in '/home/kachi/ros2_ws/src/mypkg': PYTHONPATH=/home/kachi/ros2_ws/install/mypkg/lib/python3.6/site-packages:${PYTHONPATH} /usr/bin/python3 setup.py egg_info --egg-base ../../build/mypkg build --build-base /home/kachi/ros2_ws/build/mypkg/build install --prefix /home/kachi/ros2_ws/install/mypkg --record /home/kachi/ros2_ws/build/mypkg/install.log --single-version-externally-managed
[0.763s] running egg_info
[0.764s] writing ../../build/mypkg/mypkg.egg-info/PKG-INFO
[0.764s] writing dependency_links to ../../build/mypkg/mypkg.egg-info/dependency_links.txt
[0.765s] writing entry points to ../../build/mypkg/mypkg.egg-info/entry_points.txt
[0.765s] writing requirements to ../../build/mypkg/mypkg.egg-info/requires.txt
[0.765s] writing top-level names to ../../build/mypkg/mypkg.egg-info/top_level.txt
[0.800s] reading manifest file '../../build/mypkg/mypkg.egg-info/SOURCES.txt'
[0.801s] writing manifest file '../../build/mypkg/mypkg.egg-info/SOURCES.txt'
[0.802s] running build
[0.802s] running build_py
[0.802s] running install
[0.802s] running install_lib
[0.803s] byte-compiling /home/kachi/ros2_ws/install/mypkg/lib/python3.6/site-packages/mypkg/talker.py to talker.cpython-36.pyc
[0.804s] byte-compiling /home/kachi/ros2_ws/install/mypkg/lib/python3.6/site-packages/mypkg/listener.py to listener.cpython-36.pyc
[0.804s] running install_data
[0.804s]   File "/home/kachi/ros2_ws/install/mypkg/lib/python3.6/site-packages/mypkg/talker.py", line 1
[0.804s]     1 import rclpy                     #ROS2のクライアントのためのライブラリ
[0.804s]            ^
[0.805s] SyntaxError: invalid syntax
[0.805s] 
[0.805s]   File "/home/kachi/ros2_ws/install/mypkg/lib/python3.6/site-packages/mypkg/listener.py", line 2
[0.805s]     1 import rclpy
[0.805s]            ^
[0.805s] SyntaxError: invalid syntax
[0.805s] 
[0.805s] running install_egg_info
[0.806s] removing '/home/kachi/ros2_ws/install/mypkg/lib/python3.6/site-packages/mypkg-0.0.0-py3.6.egg-info' (and everything under it)
[0.806s] Copying ../../build/mypkg/mypkg.egg-info to /home/kachi/ros2_ws/install/mypkg/lib/python3.6/site-packages/mypkg-0.0.0-py3.6.egg-info
[0.807s] running install_scripts
[0.825s] Installing talker script to /home/kachi/ros2_ws/install/mypkg/lib/mypkg
[0.825s] writing list of installed files to '/home/kachi/ros2_ws/build/mypkg/install.log'
[0.849s] Invoked command in '/home/kachi/ros2_ws/src/mypkg' returned '0': PYTHONPATH=/home/kachi/ros2_ws/install/mypkg/lib/python3.6/site-packages:${PYTHONPATH} /usr/bin/python3 setup.py egg_info --egg-base ../../build/mypkg build --build-base /home/kachi/ros2_ws/build/mypkg/build install --prefix /home/kachi/ros2_ws/install/mypkg --record /home/kachi/ros2_ws/build/mypkg/install.log --single-version-externally-managed
