[0.739s] Invoking command in '/home/kachi/ros2_ws/src/mypkg': PYTHONPATH=/home/kachi/ros2_ws/install/mypkg/lib/python3.6/site-packages:${PYTHONPATH} /usr/bin/python3 setup.py egg_info --egg-base ../../build/mypkg build --build-base /home/kachi/ros2_ws/build/mypkg/build install --prefix /home/kachi/ros2_ws/install/mypkg --record /home/kachi/ros2_ws/build/mypkg/install.log --single-version-externally-managed
[0.990s] running egg_info
[0.992s] writing ../../build/mypkg/mypkg.egg-info/PKG-INFO
[0.993s] writing dependency_links to ../../build/mypkg/mypkg.egg-info/dependency_links.txt
[0.993s] writing entry points to ../../build/mypkg/mypkg.egg-info/entry_points.txt
[0.994s] writing requirements to ../../build/mypkg/mypkg.egg-info/requires.txt
[0.994s] writing top-level names to ../../build/mypkg/mypkg.egg-info/top_level.txt
[1.081s] reading manifest file '../../build/mypkg/mypkg.egg-info/SOURCES.txt'
[1.084s] writing manifest file '../../build/mypkg/mypkg.egg-info/SOURCES.txt'
[1.084s] running build
[1.084s] running build_py
[1.085s] running install
[1.086s] running install_lib
[1.089s] running install_data
[1.090s] copying package.xml -> /home/kachi/ros2_ws/install/mypkg/share/mypkg
[1.091s] running install_egg_info
[1.094s] removing '/home/kachi/ros2_ws/install/mypkg/lib/python3.6/site-packages/mypkg-0.0.0-py3.6.egg-info' (and everything under it)
[1.094s] Copying ../../build/mypkg/mypkg.egg-info to /home/kachi/ros2_ws/install/mypkg/lib/python3.6/site-packages/mypkg-0.0.0-py3.6.egg-info
[1.096s] running install_scripts
[1.138s] Installing listener script to /home/kachi/ros2_ws/install/mypkg/lib/mypkg
[1.139s] Installing talker script to /home/kachi/ros2_ws/install/mypkg/lib/mypkg
[1.139s] writing list of installed files to '/home/kachi/ros2_ws/build/mypkg/install.log'
[1.169s] Invoked command in '/home/kachi/ros2_ws/src/mypkg' returned '0': PYTHONPATH=/home/kachi/ros2_ws/install/mypkg/lib/python3.6/site-packages:${PYTHONPATH} /usr/bin/python3 setup.py egg_info --egg-base ../../build/mypkg build --build-base /home/kachi/ros2_ws/build/mypkg/build install --prefix /home/kachi/ros2_ws/install/mypkg --record /home/kachi/ros2_ws/build/mypkg/install.log --single-version-externally-managed
