[0.380s] Invoking command in '/home/kachi/ros2_ws/src/mypkg': PYTHONPATH=/home/kachi/ros2_ws/install/mypkg/lib/python3.6/site-packages:${PYTHONPATH} /usr/bin/python3 setup.py egg_info --egg-base ../../build/mypkg build --build-base /home/kachi/ros2_ws/build/mypkg/build install --prefix /home/kachi/ros2_ws/install/mypkg --record /home/kachi/ros2_ws/build/mypkg/install.log --single-version-externally-managed
[0.532s] running egg_info
[0.532s] writing ../../build/mypkg/mypkg.egg-info/PKG-INFO
[0.533s] writing dependency_links to ../../build/mypkg/mypkg.egg-info/dependency_links.txt
[0.533s] writing entry points to ../../build/mypkg/mypkg.egg-info/entry_points.txt
[0.533s] writing requirements to ../../build/mypkg/mypkg.egg-info/requires.txt
[0.533s] writing top-level names to ../../build/mypkg/mypkg.egg-info/top_level.txt
[0.559s] reading manifest file '../../build/mypkg/mypkg.egg-info/SOURCES.txt'
[0.559s] writing manifest file '../../build/mypkg/mypkg.egg-info/SOURCES.txt'
[0.559s] running build
[0.560s] running build_py
[0.560s] copying mypkg/listener.py -> /home/kachi/ros2_ws/build/mypkg/build/lib/mypkg
[0.560s] running install
[0.560s] running install_lib
[0.561s] copying /home/kachi/ros2_ws/build/mypkg/build/lib/mypkg/listener.py -> /home/kachi/ros2_ws/install/mypkg/lib/python3.6/site-packages/mypkg
[0.561s] byte-compiling /home/kachi/ros2_ws/install/mypkg/lib/python3.6/site-packages/mypkg/listener.py to listener.cpython-36.pyc
[0.562s] running install_data
[0.562s] running install_egg_info
[0.563s] removing '/home/kachi/ros2_ws/install/mypkg/lib/python3.6/site-packages/mypkg-0.0.0-py3.6.egg-info' (and everything under it)
[0.564s] Copying ../../build/mypkg/mypkg.egg-info to /home/kachi/ros2_ws/install/mypkg/lib/python3.6/site-packages/mypkg-0.0.0-py3.6.egg-info
[0.564s] running install_scripts
[0.578s] Installing talker script to /home/kachi/ros2_ws/install/mypkg/lib/mypkg
[0.578s] writing list of installed files to '/home/kachi/ros2_ws/build/mypkg/install.log'
[0.595s] Invoked command in '/home/kachi/ros2_ws/src/mypkg' returned '0': PYTHONPATH=/home/kachi/ros2_ws/install/mypkg/lib/python3.6/site-packages:${PYTHONPATH} /usr/bin/python3 setup.py egg_info --egg-base ../../build/mypkg build --build-base /home/kachi/ros2_ws/build/mypkg/build install --prefix /home/kachi/ros2_ws/install/mypkg --record /home/kachi/ros2_ws/build/mypkg/install.log --single-version-externally-managed
