[0.557s] Invoking command in '/home/kachi/ros2_ws/src/mypkg': PYTHONPATH=/home/kachi/ros2_ws/src/mypkg/install/mypkg/lib/python3.6/site-packages:${PYTHONPATH} /usr/bin/python3 setup.py egg_info --egg-base build/mypkg build --build-base /home/kachi/ros2_ws/src/mypkg/build/mypkg/build install --prefix /home/kachi/ros2_ws/src/mypkg/install/mypkg --record /home/kachi/ros2_ws/src/mypkg/build/mypkg/install.log --single-version-externally-managed
[0.746s] running egg_info
[0.747s] writing build/mypkg/mypkg.egg-info/PKG-INFO
[0.747s] writing dependency_links to build/mypkg/mypkg.egg-info/dependency_links.txt
[0.748s] writing entry points to build/mypkg/mypkg.egg-info/entry_points.txt
[0.748s] writing requirements to build/mypkg/mypkg.egg-info/requires.txt
[0.748s] writing top-level names to build/mypkg/mypkg.egg-info/top_level.txt
[0.785s] reading manifest file 'build/mypkg/mypkg.egg-info/SOURCES.txt'
[0.786s] writing manifest file 'build/mypkg/mypkg.egg-info/SOURCES.txt'
[0.786s] running build
[0.786s] running build_py
[0.786s] running install
[0.787s] running install_lib
[0.788s] running install_data
[0.788s] copying launch/talk_listen.launch.py -> /home/kachi/ros2_ws/src/mypkg/install/mypkg/share/mypkg
[0.789s] running install_egg_info
[0.790s] removing '/home/kachi/ros2_ws/src/mypkg/install/mypkg/lib/python3.6/site-packages/mypkg-0.0.0-py3.6.egg-info' (and everything under it)
[0.790s] Copying build/mypkg/mypkg.egg-info to /home/kachi/ros2_ws/src/mypkg/install/mypkg/lib/python3.6/site-packages/mypkg-0.0.0-py3.6.egg-info
[0.791s] running install_scripts
[0.810s] Installing listener script to /home/kachi/ros2_ws/src/mypkg/install/mypkg/lib/mypkg
[0.811s] Installing talker script to /home/kachi/ros2_ws/src/mypkg/install/mypkg/lib/mypkg
[0.811s] writing list of installed files to '/home/kachi/ros2_ws/src/mypkg/build/mypkg/install.log'
[0.831s] Invoked command in '/home/kachi/ros2_ws/src/mypkg' returned '0': PYTHONPATH=/home/kachi/ros2_ws/src/mypkg/install/mypkg/lib/python3.6/site-packages:${PYTHONPATH} /usr/bin/python3 setup.py egg_info --egg-base build/mypkg build --build-base /home/kachi/ros2_ws/src/mypkg/build/mypkg/build install --prefix /home/kachi/ros2_ws/src/mypkg/install/mypkg --record /home/kachi/ros2_ws/src/mypkg/build/mypkg/install.log --single-version-externally-managed
