[0.733s] Invoking command in '/home/kachi/ros2_ws/src/mypkg': PYTHONPATH=/home/kachi/ros2_ws/install/mypkg/lib/python3.6/site-packages:${PYTHONPATH} /usr/bin/python3 setup.py egg_info --egg-base ../../build/mypkg build --build-base /home/kachi/ros2_ws/build/mypkg/build install --prefix /home/kachi/ros2_ws/install/mypkg --record /home/kachi/ros2_ws/build/mypkg/install.log --single-version-externally-managed
[0.977s] running egg_info
[0.978s] writing ../../build/mypkg/mypkg.egg-info/PKG-INFO
[1.010s] writing dependency_links to ../../build/mypkg/mypkg.egg-info/dependency_links.txt
[1.011s] writing entry points to ../../build/mypkg/mypkg.egg-info/entry_points.txt
[1.011s] writing requirements to ../../build/mypkg/mypkg.egg-info/requires.txt
[1.012s] writing top-level names to ../../build/mypkg/mypkg.egg-info/top_level.txt
[1.082s] reading manifest file '../../build/mypkg/mypkg.egg-info/SOURCES.txt'
[1.084s] writing manifest file '../../build/mypkg/mypkg.egg-info/SOURCES.txt'
[1.085s] running build
[1.085s] running build_py
[1.086s] copying mypkg/__init__.py -> /home/kachi/ros2_ws/build/mypkg/build/lib/mypkg
[1.087s] running install
[1.087s] running install_lib
[1.089s] copying /home/kachi/ros2_ws/build/mypkg/build/lib/mypkg/__init__.py -> /home/kachi/ros2_ws/install/mypkg/lib/python3.6/site-packages/mypkg
[1.090s] byte-compiling /home/kachi/ros2_ws/install/mypkg/lib/python3.6/site-packages/mypkg/__init__.py to __init__.cpython-36.pyc
[1.090s] running install_data
[1.091s] copying resource/mypkg -> /home/kachi/ros2_ws/install/mypkg/share/ament_index/resource_index/packages
[1.092s] copying package.xml -> /home/kachi/ros2_ws/install/mypkg/share/mypkg
[1.092s] copying launch/talk_listen.launch.py -> /home/kachi/ros2_ws/install/mypkg/share/mypkg
[1.092s] running install_egg_info
[1.094s] removing '/home/kachi/ros2_ws/install/mypkg/lib/python3.6/site-packages/mypkg-0.0.0-py3.6.egg-info' (and everything under it)
[1.095s] Copying ../../build/mypkg/mypkg.egg-info to /home/kachi/ros2_ws/install/mypkg/lib/python3.6/site-packages/mypkg-0.0.0-py3.6.egg-info
[1.097s] running install_scripts
[1.137s] Installing listener script to /home/kachi/ros2_ws/install/mypkg/lib/mypkg
[1.138s] Installing talker script to /home/kachi/ros2_ws/install/mypkg/lib/mypkg
[1.139s] writing list of installed files to '/home/kachi/ros2_ws/build/mypkg/install.log'
[1.184s] Invoked command in '/home/kachi/ros2_ws/src/mypkg' returned '0': PYTHONPATH=/home/kachi/ros2_ws/install/mypkg/lib/python3.6/site-packages:${PYTHONPATH} /usr/bin/python3 setup.py egg_info --egg-base ../../build/mypkg build --build-base /home/kachi/ros2_ws/build/mypkg/build install --prefix /home/kachi/ros2_ws/install/mypkg --record /home/kachi/ros2_ws/build/mypkg/install.log --single-version-externally-managed
