[0.540s] Invoking command in '/home/kachi/ros2_ws/src/mypkg': PYTHONPATH=/home/kachi/ros2_ws/install/mypkg/lib/python3.6/site-packages:${PYTHONPATH} /usr/bin/python3 setup.py egg_info --egg-base ../../build/mypkg build --build-base /home/kachi/ros2_ws/build/mypkg/build install --prefix /home/kachi/ros2_ws/install/mypkg --record /home/kachi/ros2_ws/build/mypkg/install.log --single-version-externally-managed
[0.734s] running egg_info
[0.735s] writing ../../build/mypkg/mypkg.egg-info/PKG-INFO
[0.736s] writing dependency_links to ../../build/mypkg/mypkg.egg-info/dependency_links.txt
[0.736s] writing entry points to ../../build/mypkg/mypkg.egg-info/entry_points.txt
[0.737s] writing requirements to ../../build/mypkg/mypkg.egg-info/requires.txt
[0.737s] writing top-level names to ../../build/mypkg/mypkg.egg-info/top_level.txt
[0.768s] reading manifest file '../../build/mypkg/mypkg.egg-info/SOURCES.txt'
[0.769s] writing manifest file '../../build/mypkg/mypkg.egg-info/SOURCES.txt'
[0.769s] running build
[0.769s] running build_py
[0.770s] copying mypkg/talker.py -> /home/kachi/ros2_ws/build/mypkg/build/lib/mypkg
[0.770s] running install
[0.770s] running install_lib
[0.771s] copying /home/kachi/ros2_ws/build/mypkg/build/lib/mypkg/talker.py -> /home/kachi/ros2_ws/install/mypkg/lib/python3.6/site-packages/mypkg
[0.771s] byte-compiling /home/kachi/ros2_ws/install/mypkg/lib/python3.6/site-packages/mypkg/talker.py to talker.cpython-36.pyc
[0.772s] byte-compiling /home/kachi/ros2_ws/install/mypkg/lib/python3.6/site-packages/mypkg/listener.py to listener.cpython-36.pyc
[0.772s] running install_data
[0.772s]   File "/home/kachi/ros2_ws/install/mypkg/lib/python3.6/site-packages/mypkg/talker.py", line 1
[0.772s]     1 import rclpy                     #ROS2のクライアントのためのライブラリ
[0.773s]            ^
[0.773s] SyntaxError: invalid syntax
[0.773s] 
[0.773s]   File "/home/kachi/ros2_ws/install/mypkg/lib/python3.6/site-packages/mypkg/listener.py", line 2
[0.773s]     1 import rclpy
[0.773s]            ^
[0.773s] SyntaxError: invalid syntax
[0.773s] 
[0.773s] running install_egg_info
[0.774s] removing '/home/kachi/ros2_ws/install/mypkg/lib/python3.6/site-packages/mypkg-0.0.0-py3.6.egg-info' (and everything under it)
[0.775s] Copying ../../build/mypkg/mypkg.egg-info to /home/kachi/ros2_ws/install/mypkg/lib/python3.6/site-packages/mypkg-0.0.0-py3.6.egg-info
[0.775s] running install_scripts
[0.794s] Installing talker script to /home/kachi/ros2_ws/install/mypkg/lib/mypkg
[0.794s] writing list of installed files to '/home/kachi/ros2_ws/build/mypkg/install.log'
[0.815s] Invoked command in '/home/kachi/ros2_ws/src/mypkg' returned '0': PYTHONPATH=/home/kachi/ros2_ws/install/mypkg/lib/python3.6/site-packages:${PYTHONPATH} /usr/bin/python3 setup.py egg_info --egg-base ../../build/mypkg build --build-base /home/kachi/ros2_ws/build/mypkg/build install --prefix /home/kachi/ros2_ws/install/mypkg --record /home/kachi/ros2_ws/build/mypkg/install.log --single-version-externally-managed
