[0.600s] Invoking command in '/home/kachi/ros2_ws/src/mypkg': PYTHONPATH=/home/kachi/ros2_ws/src/mypkg/install/mypkg/lib/python3.6/site-packages:${PYTHONPATH} /usr/bin/python3 setup.py egg_info --egg-base build/mypkg build --build-base /home/kachi/ros2_ws/src/mypkg/build/mypkg/build install --prefix /home/kachi/ros2_ws/src/mypkg/install/mypkg --record /home/kachi/ros2_ws/src/mypkg/build/mypkg/install.log --single-version-externally-managed
[0.794s] running egg_info
[0.794s] writing build/mypkg/mypkg.egg-info/PKG-INFO
[0.795s] writing dependency_links to build/mypkg/mypkg.egg-info/dependency_links.txt
[0.795s] writing entry points to build/mypkg/mypkg.egg-info/entry_points.txt
[0.796s] writing requirements to build/mypkg/mypkg.egg-info/requires.txt
[0.796s] writing top-level names to build/mypkg/mypkg.egg-info/top_level.txt
[0.830s] reading manifest file 'build/mypkg/mypkg.egg-info/SOURCES.txt'
[0.831s] writing manifest file 'build/mypkg/mypkg.egg-info/SOURCES.txt'
[0.832s] running build
[0.832s] running build_py
[0.832s] copying mypkg/listener.py -> /home/kachi/ros2_ws/src/mypkg/build/mypkg/build/lib/mypkg
[0.832s] running install
[0.833s] running install_lib
[0.834s] copying /home/kachi/ros2_ws/src/mypkg/build/mypkg/build/lib/mypkg/listener.py -> /home/kachi/ros2_ws/src/mypkg/install/mypkg/lib/python3.6/site-packages/mypkg
[0.835s] byte-compiling /home/kachi/ros2_ws/src/mypkg/install/mypkg/lib/python3.6/site-packages/mypkg/listener.py to listener.cpython-36.pyc
[0.835s] running install_data
[0.836s] copying package.xml -> /home/kachi/ros2_ws/src/mypkg/install/mypkg/share/mypkg
[0.836s] copying launch/talk_listen.launch.py -> /home/kachi/ros2_ws/src/mypkg/install/mypkg/share/mypkg
[0.836s] running install_egg_info
[0.839s] removing '/home/kachi/ros2_ws/src/mypkg/install/mypkg/lib/python3.6/site-packages/mypkg-0.0.0-py3.6.egg-info' (and everything under it)
[0.839s] Copying build/mypkg/mypkg.egg-info to /home/kachi/ros2_ws/src/mypkg/install/mypkg/lib/python3.6/site-packages/mypkg-0.0.0-py3.6.egg-info
[0.840s] running install_scripts
[0.860s] Installing listener script to /home/kachi/ros2_ws/src/mypkg/install/mypkg/lib/mypkg
[0.860s] Installing talker script to /home/kachi/ros2_ws/src/mypkg/install/mypkg/lib/mypkg
[0.861s] writing list of installed files to '/home/kachi/ros2_ws/src/mypkg/build/mypkg/install.log'
[0.882s] Invoked command in '/home/kachi/ros2_ws/src/mypkg' returned '0': PYTHONPATH=/home/kachi/ros2_ws/src/mypkg/install/mypkg/lib/python3.6/site-packages:${PYTHONPATH} /usr/bin/python3 setup.py egg_info --egg-base build/mypkg build --build-base /home/kachi/ros2_ws/src/mypkg/build/mypkg/build install --prefix /home/kachi/ros2_ws/src/mypkg/install/mypkg --record /home/kachi/ros2_ws/src/mypkg/build/mypkg/install.log --single-version-externally-managed
