[0.673s] Invoking command in '/home/kachi/ros2_ws/src/mypkg': PYTHONPATH=/home/kachi/ros2_ws/install/mypkg/lib/python3.6/site-packages:${PYTHONPATH} /usr/bin/python3 setup.py egg_info --egg-base ../../build/mypkg build --build-base /home/kachi/ros2_ws/build/mypkg/build install --prefix /home/kachi/ros2_ws/install/mypkg --record /home/kachi/ros2_ws/build/mypkg/install.log --single-version-externally-managed
[0.906s] running egg_info
[0.908s] writing ../../build/mypkg/mypkg.egg-info/PKG-INFO
[0.908s] writing dependency_links to ../../build/mypkg/mypkg.egg-info/dependency_links.txt
[0.909s] writing entry points to ../../build/mypkg/mypkg.egg-info/entry_points.txt
[0.910s] writing requirements to ../../build/mypkg/mypkg.egg-info/requires.txt
[0.910s] writing top-level names to ../../build/mypkg/mypkg.egg-info/top_level.txt
[0.976s] reading manifest file '../../build/mypkg/mypkg.egg-info/SOURCES.txt'
[0.978s] writing manifest file '../../build/mypkg/mypkg.egg-info/SOURCES.txt'
[0.978s] running build
[0.978s] running build_py
[0.979s] running install
[0.979s] running install_lib
[0.980s] running install_data
[0.981s] creating /home/kachi/ros2_ws/install/mypkg/share/ament_index
[0.981s] creating /home/kachi/ros2_ws/install/mypkg/share/ament_index/resource_index
[0.981s] creating /home/kachi/ros2_ws/install/mypkg/share/ament_index/resource_index/packages
[0.981s] copying resource/mypkg -> /home/kachi/ros2_ws/install/mypkg/share/ament_index/resource_index/packages
[0.981s] copying package.xml -> /home/kachi/ros2_ws/install/mypkg/share/mypkg
[0.981s] copying launch/talk_listen.launch.py -> /home/kachi/ros2_ws/install/mypkg/share/mypkg
[0.981s] running install_egg_info
[0.983s] removing '/home/kachi/ros2_ws/install/mypkg/lib/python3.6/site-packages/mypkg-0.0.0-py3.6.egg-info' (and everything under it)
[0.984s] Copying ../../build/mypkg/mypkg.egg-info to /home/kachi/ros2_ws/install/mypkg/lib/python3.6/site-packages/mypkg-0.0.0-py3.6.egg-info
[0.985s] running install_scripts
[1.004s] Installing listener script to /home/kachi/ros2_ws/install/mypkg/lib/mypkg
[1.005s] Installing talker script to /home/kachi/ros2_ws/install/mypkg/lib/mypkg
[1.005s] writing list of installed files to '/home/kachi/ros2_ws/build/mypkg/install.log'
[1.026s] Invoked command in '/home/kachi/ros2_ws/src/mypkg' returned '0': PYTHONPATH=/home/kachi/ros2_ws/install/mypkg/lib/python3.6/site-packages:${PYTHONPATH} /usr/bin/python3 setup.py egg_info --egg-base ../../build/mypkg build --build-base /home/kachi/ros2_ws/build/mypkg/build install --prefix /home/kachi/ros2_ws/install/mypkg --record /home/kachi/ros2_ws/build/mypkg/install.log --single-version-externally-managed
