[0.760s] Invoking command in '/home/kachi/ros2_ws/src/mypkg': PYTHONPATH=/home/kachi/ros2_ws/install/mypkg/lib/python3.6/site-packages:${PYTHONPATH} /usr/bin/python3 setup.py egg_info --egg-base ../../build/mypkg build --build-base /home/kachi/ros2_ws/build/mypkg/build install --prefix /home/kachi/ros2_ws/install/mypkg --record /home/kachi/ros2_ws/build/mypkg/install.log --single-version-externally-managed
[0.986s] running egg_info
[0.988s] writing ../../build/mypkg/mypkg.egg-info/PKG-INFO
[0.988s] writing dependency_links to ../../build/mypkg/mypkg.egg-info/dependency_links.txt
[0.989s] writing entry points to ../../build/mypkg/mypkg.egg-info/entry_points.txt
[0.989s] writing requirements to ../../build/mypkg/mypkg.egg-info/requires.txt
[0.989s] writing top-level names to ../../build/mypkg/mypkg.egg-info/top_level.txt
[1.042s] reading manifest file '../../build/mypkg/mypkg.egg-info/SOURCES.txt'
[1.044s] writing manifest file '../../build/mypkg/mypkg.egg-info/SOURCES.txt'
[1.044s] running build
[1.044s] running build_py
[1.044s] running install
[1.045s] running install_lib
[1.046s] running install_data
[1.046s] running install_egg_info
[1.048s] removing '/home/kachi/ros2_ws/install/mypkg/lib/python3.6/site-packages/mypkg-0.0.0-py3.6.egg-info' (and everything under it)
[1.049s] Copying ../../build/mypkg/mypkg.egg-info to /home/kachi/ros2_ws/install/mypkg/lib/python3.6/site-packages/mypkg-0.0.0-py3.6.egg-info
[1.050s] running install_scripts
[1.079s] Installing listener script to /home/kachi/ros2_ws/install/mypkg/lib/mypkg
[1.079s] Installing talker script to /home/kachi/ros2_ws/install/mypkg/lib/mypkg
[1.079s] writing list of installed files to '/home/kachi/ros2_ws/build/mypkg/install.log'
[1.109s] Invoked command in '/home/kachi/ros2_ws/src/mypkg' returned '0': PYTHONPATH=/home/kachi/ros2_ws/install/mypkg/lib/python3.6/site-packages:${PYTHONPATH} /usr/bin/python3 setup.py egg_info --egg-base ../../build/mypkg build --build-base /home/kachi/ros2_ws/build/mypkg/build install --prefix /home/kachi/ros2_ws/install/mypkg --record /home/kachi/ros2_ws/build/mypkg/install.log --single-version-externally-managed
