[0.660s] Invoking command in '/home/kachi/ros2_ws/src/mypkg': PYTHONPATH=/home/kachi/ros2_ws/src/mypkg/install/mypkg/lib/python3.6/site-packages:${PYTHONPATH} /usr/bin/python3 setup.py egg_info --egg-base build/mypkg build --build-base /home/kachi/ros2_ws/src/mypkg/build/mypkg/build install --prefix /home/kachi/ros2_ws/src/mypkg/install/mypkg --record /home/kachi/ros2_ws/src/mypkg/build/mypkg/install.log --single-version-externally-managed
[0.856s] running egg_info
[0.856s] creating build/mypkg/mypkg.egg-info
[0.857s] writing build/mypkg/mypkg.egg-info/PKG-INFO
[0.857s] writing dependency_links to build/mypkg/mypkg.egg-info/dependency_links.txt
[0.858s] writing entry points to build/mypkg/mypkg.egg-info/entry_points.txt
[0.858s] writing requirements to build/mypkg/mypkg.egg-info/requires.txt
[0.858s] writing top-level names to build/mypkg/mypkg.egg-info/top_level.txt
[0.858s] writing manifest file 'build/mypkg/mypkg.egg-info/SOURCES.txt'
[0.896s] reading manifest file 'build/mypkg/mypkg.egg-info/SOURCES.txt'
[0.897s] writing manifest file 'build/mypkg/mypkg.egg-info/SOURCES.txt'
[0.898s] running build
[0.898s] running build_py
[0.899s] creating /home/kachi/ros2_ws/src/mypkg/build/mypkg/build
[0.899s] creating /home/kachi/ros2_ws/src/mypkg/build/mypkg/build/lib
[0.900s] creating /home/kachi/ros2_ws/src/mypkg/build/mypkg/build/lib/mypkg
[0.900s] copying mypkg/__init__.py -> /home/kachi/ros2_ws/src/mypkg/build/mypkg/build/lib/mypkg
[0.900s] running install
[0.901s] running install_lib
[0.902s] creating /home/kachi/ros2_ws/src/mypkg/install/mypkg/lib/python3.6/site-packages/mypkg
[0.902s] copying /home/kachi/ros2_ws/src/mypkg/build/mypkg/build/lib/mypkg/__init__.py -> /home/kachi/ros2_ws/src/mypkg/install/mypkg/lib/python3.6/site-packages/mypkg
[0.902s] byte-compiling /home/kachi/ros2_ws/src/mypkg/install/mypkg/lib/python3.6/site-packages/mypkg/__init__.py to __init__.cpython-36.pyc
[0.903s] running install_data
[0.903s] creating /home/kachi/ros2_ws/src/mypkg/install/mypkg/share/ament_index
[0.903s] creating /home/kachi/ros2_ws/src/mypkg/install/mypkg/share/ament_index/resource_index
[0.904s] creating /home/kachi/ros2_ws/src/mypkg/install/mypkg/share/ament_index/resource_index/packages
[0.904s] copying resource/mypkg -> /home/kachi/ros2_ws/src/mypkg/install/mypkg/share/ament_index/resource_index/packages
[0.904s] copying package.xml -> /home/kachi/ros2_ws/src/mypkg/install/mypkg/share/mypkg
[0.904s] running install_egg_info
[0.906s] Copying build/mypkg/mypkg.egg-info to /home/kachi/ros2_ws/src/mypkg/install/mypkg/lib/python3.6/site-packages/mypkg-0.0.0-py3.6.egg-info
[0.908s] running install_scripts
[0.929s] writing list of installed files to '/home/kachi/ros2_ws/src/mypkg/build/mypkg/install.log'
[0.955s] Invoked command in '/home/kachi/ros2_ws/src/mypkg' returned '0': PYTHONPATH=/home/kachi/ros2_ws/src/mypkg/install/mypkg/lib/python3.6/site-packages:${PYTHONPATH} /usr/bin/python3 setup.py egg_info --egg-base build/mypkg build --build-base /home/kachi/ros2_ws/src/mypkg/build/mypkg/build install --prefix /home/kachi/ros2_ws/src/mypkg/install/mypkg --record /home/kachi/ros2_ws/src/mypkg/build/mypkg/install.log --single-version-externally-managed
