[0.354s] Invoking command in '/home/kachi/ros2_ws/src/mypkg': PYTHONPATH=/home/kachi/ros2_ws/install/mypkg/lib/python3.6/site-packages:${PYTHONPATH} /usr/bin/python3 setup.py egg_info --egg-base ../../build/mypkg build --build-base /home/kachi/ros2_ws/build/mypkg/build install --prefix /home/kachi/ros2_ws/install/mypkg --record /home/kachi/ros2_ws/build/mypkg/install.log --single-version-externally-managed
[0.490s] running egg_info
[0.490s] writing ../../build/mypkg/mypkg.egg-info/PKG-INFO
[0.490s] writing dependency_links to ../../build/mypkg/mypkg.egg-info/dependency_links.txt
[0.490s] writing entry points to ../../build/mypkg/mypkg.egg-info/entry_points.txt
[0.491s] writing requirements to ../../build/mypkg/mypkg.egg-info/requires.txt
[0.491s] writing top-level names to ../../build/mypkg/mypkg.egg-info/top_level.txt
[0.510s] reading manifest file '../../build/mypkg/mypkg.egg-info/SOURCES.txt'
[0.510s] writing manifest file '../../build/mypkg/mypkg.egg-info/SOURCES.txt'
[0.510s] running build
[0.510s] running build_py
[0.511s] running install
[0.511s] running install_lib
[0.511s] running install_data
[0.512s] running install_egg_info
[0.513s] removing '/home/kachi/ros2_ws/install/mypkg/lib/python3.6/site-packages/mypkg-0.0.0-py3.6.egg-info' (and everything under it)
[0.513s] Copying ../../build/mypkg/mypkg.egg-info to /home/kachi/ros2_ws/install/mypkg/lib/python3.6/site-packages/mypkg-0.0.0-py3.6.egg-info
[0.513s] running install_scripts
[0.528s] Installing listener script to /home/kachi/ros2_ws/install/mypkg/lib/mypkg
[0.528s] Installing talker script to /home/kachi/ros2_ws/install/mypkg/lib/mypkg
[0.528s] writing list of installed files to '/home/kachi/ros2_ws/build/mypkg/install.log'
[0.544s] Invoked command in '/home/kachi/ros2_ws/src/mypkg' returned '0': PYTHONPATH=/home/kachi/ros2_ws/install/mypkg/lib/python3.6/site-packages:${PYTHONPATH} /usr/bin/python3 setup.py egg_info --egg-base ../../build/mypkg build --build-base /home/kachi/ros2_ws/build/mypkg/build install --prefix /home/kachi/ros2_ws/install/mypkg --record /home/kachi/ros2_ws/build/mypkg/install.log --single-version-externally-managed
