[0.587s] Invoking command in '/home/kachi/ros2_ws/src/mypkg': PYTHONPATH=/home/kachi/ros2_ws/install/mypkg/lib/python3.6/site-packages:${PYTHONPATH} /usr/bin/python3 setup.py egg_info --egg-base ../../build/mypkg build --build-base /home/kachi/ros2_ws/build/mypkg/build install --prefix /home/kachi/ros2_ws/install/mypkg --record /home/kachi/ros2_ws/build/mypkg/install.log --single-version-externally-managed
[0.791s] running egg_info
[0.791s] writing ../../build/mypkg/mypkg.egg-info/PKG-INFO
[0.792s] writing dependency_links to ../../build/mypkg/mypkg.egg-info/dependency_links.txt
[0.792s] writing entry points to ../../build/mypkg/mypkg.egg-info/entry_points.txt
[0.792s] writing requirements to ../../build/mypkg/mypkg.egg-info/requires.txt
[0.792s] writing top-level names to ../../build/mypkg/mypkg.egg-info/top_level.txt
[0.828s] reading manifest file '../../build/mypkg/mypkg.egg-info/SOURCES.txt'
[0.829s] writing manifest file '../../build/mypkg/mypkg.egg-info/SOURCES.txt'
[0.829s] running build
[0.830s] running build_py
[0.830s] copying mypkg/talker.py -> /home/kachi/ros2_ws/build/mypkg/build/lib/mypkg
[0.830s] copying mypkg/listener.py -> /home/kachi/ros2_ws/build/mypkg/build/lib/mypkg
[0.831s] running install
[0.831s] running install_lib
[0.832s] copying /home/kachi/ros2_ws/build/mypkg/build/lib/mypkg/talker.py -> /home/kachi/ros2_ws/install/mypkg/lib/python3.6/site-packages/mypkg
[0.833s] copying /home/kachi/ros2_ws/build/mypkg/build/lib/mypkg/listener.py -> /home/kachi/ros2_ws/install/mypkg/lib/python3.6/site-packages/mypkg
[0.833s] byte-compiling /home/kachi/ros2_ws/install/mypkg/lib/python3.6/site-packages/mypkg/talker.py to talker.cpython-36.pyc
[0.833s]   File "/home/kachi/ros2_ws/install/mypkg/lib/python3.6/site-packages/mypkg/talker.py", line 1
[0.833s]     1 import rclpy                     #ROS2のクライアントのためのライブラリ
[0.834s]            ^
[0.834s] SyntaxError: invalid syntax
[0.834s] 
[0.834s]   File "/home/kachi/ros2_ws/install/mypkg/lib/python3.6/site-packages/mypkg/listener.py", line 2
[0.834s]     1 import rclpy
[0.834s]            ^
[0.834s] SyntaxError: invalid syntax
[0.834s] 
[0.835s] byte-compiling /home/kachi/ros2_ws/install/mypkg/lib/python3.6/site-packages/mypkg/listener.py to listener.cpython-36.pyc
[0.835s] running install_data
[0.835s] running install_egg_info
[0.836s] removing '/home/kachi/ros2_ws/install/mypkg/lib/python3.6/site-packages/mypkg-0.0.0-py3.6.egg-info' (and everything under it)
[0.837s] Copying ../../build/mypkg/mypkg.egg-info to /home/kachi/ros2_ws/install/mypkg/lib/python3.6/site-packages/mypkg-0.0.0-py3.6.egg-info
[0.838s] running install_scripts
[0.858s] Installing talker script to /home/kachi/ros2_ws/install/mypkg/lib/mypkg
[0.859s] writing list of installed files to '/home/kachi/ros2_ws/build/mypkg/install.log'
[0.881s] Invoked command in '/home/kachi/ros2_ws/src/mypkg' returned '0': PYTHONPATH=/home/kachi/ros2_ws/install/mypkg/lib/python3.6/site-packages:${PYTHONPATH} /usr/bin/python3 setup.py egg_info --egg-base ../../build/mypkg build --build-base /home/kachi/ros2_ws/build/mypkg/build install --prefix /home/kachi/ros2_ws/install/mypkg --record /home/kachi/ros2_ws/build/mypkg/install.log --single-version-externally-managed
