[0.716s] Invoking command in '/home/kachi/ros2_ws/src/mypkg': PYTHONPATH=/home/kachi/ros2_ws/install/mypkg/lib/python3.6/site-packages:${PYTHONPATH} /usr/bin/python3 setup.py egg_info --egg-base ../../build/mypkg build --build-base /home/kachi/ros2_ws/build/mypkg/build install --prefix /home/kachi/ros2_ws/install/mypkg --record /home/kachi/ros2_ws/build/mypkg/install.log --single-version-externally-managed
[0.913s] running egg_info
[0.913s] writing ../../build/mypkg/mypkg.egg-info/PKG-INFO
[0.914s] writing dependency_links to ../../build/mypkg/mypkg.egg-info/dependency_links.txt
[0.915s] writing entry points to ../../build/mypkg/mypkg.egg-info/entry_points.txt
[0.915s] writing requirements to ../../build/mypkg/mypkg.egg-info/requires.txt
[0.915s] writing top-level names to ../../build/mypkg/mypkg.egg-info/top_level.txt
[0.952s] reading manifest file '../../build/mypkg/mypkg.egg-info/SOURCES.txt'
[0.953s] writing manifest file '../../build/mypkg/mypkg.egg-info/SOURCES.txt'
[0.953s] running build
[0.954s] running build_py
[0.954s] running install
[0.955s] running install_lib
[0.956s] running install_data
[0.957s] running install_egg_info
[0.959s] removing '/home/kachi/ros2_ws/install/mypkg/lib/python3.6/site-packages/mypkg-0.0.0-py3.6.egg-info' (and everything under it)
[0.960s] Copying ../../build/mypkg/mypkg.egg-info to /home/kachi/ros2_ws/install/mypkg/lib/python3.6/site-packages/mypkg-0.0.0-py3.6.egg-info
[0.961s] running install_scripts
[0.979s] Installing talker script to /home/kachi/ros2_ws/install/mypkg/lib/mypkg
[0.980s] writing list of installed files to '/home/kachi/ros2_ws/build/mypkg/install.log'
[1.002s] Invoked command in '/home/kachi/ros2_ws/src/mypkg' returned '0': PYTHONPATH=/home/kachi/ros2_ws/install/mypkg/lib/python3.6/site-packages:${PYTHONPATH} /usr/bin/python3 setup.py egg_info --egg-base ../../build/mypkg build --build-base /home/kachi/ros2_ws/build/mypkg/build install --prefix /home/kachi/ros2_ws/install/mypkg --record /home/kachi/ros2_ws/build/mypkg/install.log --single-version-externally-managed
