[0.151s] DEBUG:colcon:Command line arguments: ['/usr/bin/colcon', 'build']
[0.151s] DEBUG:colcon:Parsed command line arguments: Namespace(allow_overriding=[], ament_cmake_args=None, base_paths=['.'], build_base='build', catkin_cmake_args=None, catkin_skip_building_tests=False, cmake_args=None, cmake_clean_cache=False, cmake_clean_first=False, cmake_force_configure=False, cmake_target=None, cmake_target_skip_unavailable=False, continue_on_error=False, event_handlers=None, executor='parallel', ignore_user_meta=False, install_base='install', log_base=None, log_level=None, main=<bound method BuildVerb.main of <colcon_core.verb.build.BuildVerb object at 0x7fd3ec6bca90>>, merge_install=False, metas=['./colcon.meta'], packages_above=None, packages_above_and_dependencies=None, packages_above_depth=None, packages_end=None, packages_ignore=None, packages_ignore_regex=None, packages_select=None, packages_select_build_failed=False, packages_select_by_dep=None, packages_select_regex=None, packages_select_test_failures=False, packages_skip=None, packages_skip_build_finished=False, packages_skip_by_dep=None, packages_skip_regex=None, packages_skip_test_passed=False, packages_skip_up_to=None, packages_start=None, packages_up_to=None, packages_up_to_regex=None, parallel_workers=8, paths=None, symlink_install=False, test_result_base=None, verb_extension=<colcon_core.verb.build.BuildVerb object at 0x7fd3ec6bca90>, verb_name='build', verb_parser=<colcon_defaults.argument_parser.defaults.DefaultArgumentsDecorator object at 0x7fd3ec6bcdd8>)
[0.169s] Level 1:colcon.colcon_core.package_discovery:discover_packages(colcon_meta) check parameters
[0.169s] Level 1:colcon.colcon_core.package_discovery:discover_packages(recursive) check parameters
[0.169s] Level 1:colcon.colcon_core.package_discovery:discover_packages(ignore) check parameters
[0.169s] Level 1:colcon.colcon_core.package_discovery:discover_packages(path) check parameters
[0.169s] Level 1:colcon.colcon_core.package_discovery:discover_packages(colcon_meta) discover
[0.170s] Level 1:colcon.colcon_core.package_discovery:discover_packages(recursive) discover
[0.170s] INFO:colcon.colcon_core.package_discovery:Crawling recursively for packages in '/home/kachi/ros2_ws/install/mypkg'
[0.170s] Level 1:colcon.colcon_core.package_identification:_identify(.) by extensions ['ignore', 'ignore_ament_install']
[0.170s] Level 1:colcon.colcon_core.package_identification:_identify(.) by extension 'ignore'
[0.170s] Level 1:colcon.colcon_core.package_identification:_identify(.) by extension 'ignore_ament_install'
[0.170s] Level 1:colcon.colcon_core.package_identification:_identify(.) by extensions ['colcon_pkg']
[0.170s] Level 1:colcon.colcon_core.package_identification:_identify(.) by extension 'colcon_pkg'
[0.170s] Level 1:colcon.colcon_core.package_identification:_identify(.) by extensions ['colcon_meta']
[0.170s] Level 1:colcon.colcon_core.package_identification:_identify(.) by extension 'colcon_meta'
[0.170s] Level 1:colcon.colcon_core.package_identification:_identify(.) by extensions ['ros']
[0.170s] Level 1:colcon.colcon_core.package_identification:_identify(.) by extension 'ros'
[0.183s] Level 1:colcon.colcon_core.package_identification:_identify(.) by extensions ['cmake', 'python']
[0.184s] Level 1:colcon.colcon_core.package_identification:_identify(.) by extension 'cmake'
[0.184s] Level 1:colcon.colcon_core.package_identification:_identify(.) by extension 'python'
[0.184s] Level 1:colcon.colcon_core.package_identification:_identify(.) by extensions ['python_setup_py']
[0.184s] Level 1:colcon.colcon_core.package_identification:_identify(.) by extension 'python_setup_py'
[0.184s] Level 1:colcon.colcon_core.package_identification:_identify(build) by extensions ['ignore', 'ignore_ament_install']
[0.184s] Level 1:colcon.colcon_core.package_identification:_identify(build) by extension 'ignore'
[0.184s] Level 1:colcon.colcon_core.package_identification:_identify(build) ignored
[0.184s] Level 1:colcon.colcon_core.package_identification:_identify(install) by extensions ['ignore', 'ignore_ament_install']
[0.184s] Level 1:colcon.colcon_core.package_identification:_identify(install) by extension 'ignore'
[0.184s] Level 1:colcon.colcon_core.package_identification:_identify(install) ignored
[0.184s] Level 1:colcon.colcon_core.package_identification:_identify(lib) by extensions ['ignore', 'ignore_ament_install']
[0.184s] Level 1:colcon.colcon_core.package_identification:_identify(lib) by extension 'ignore'
[0.184s] Level 1:colcon.colcon_core.package_identification:_identify(lib) by extension 'ignore_ament_install'
[0.184s] Level 1:colcon.colcon_core.package_identification:_identify(lib) by extensions ['colcon_pkg']
[0.184s] Level 1:colcon.colcon_core.package_identification:_identify(lib) by extension 'colcon_pkg'
[0.185s] Level 1:colcon.colcon_core.package_identification:_identify(lib) by extensions ['colcon_meta']
[0.185s] Level 1:colcon.colcon_core.package_identification:_identify(lib) by extension 'colcon_meta'
[0.185s] Level 1:colcon.colcon_core.package_identification:_identify(lib) by extensions ['ros']
[0.185s] Level 1:colcon.colcon_core.package_identification:_identify(lib) by extension 'ros'
[0.185s] Level 1:colcon.colcon_core.package_identification:_identify(lib) by extensions ['cmake', 'python']
[0.185s] Level 1:colcon.colcon_core.package_identification:_identify(lib) by extension 'cmake'
[0.185s] Level 1:colcon.colcon_core.package_identification:_identify(lib) by extension 'python'
[0.185s] Level 1:colcon.colcon_core.package_identification:_identify(lib) by extensions ['python_setup_py']
[0.185s] Level 1:colcon.colcon_core.package_identification:_identify(lib) by extension 'python_setup_py'
[0.185s] Level 1:colcon.colcon_core.package_identification:_identify(lib/python3.6) by extensions ['ignore', 'ignore_ament_install']
[0.185s] Level 1:colcon.colcon_core.package_identification:_identify(lib/python3.6) by extension 'ignore'
[0.185s] Level 1:colcon.colcon_core.package_identification:_identify(lib/python3.6) by extension 'ignore_ament_install'
[0.185s] Level 1:colcon.colcon_core.package_identification:_identify(lib/python3.6) by extensions ['colcon_pkg']
[0.185s] Level 1:colcon.colcon_core.package_identification:_identify(lib/python3.6) by extension 'colcon_pkg'
[0.185s] Level 1:colcon.colcon_core.package_identification:_identify(lib/python3.6) by extensions ['colcon_meta']
[0.185s] Level 1:colcon.colcon_core.package_identification:_identify(lib/python3.6) by extension 'colcon_meta'
[0.185s] Level 1:colcon.colcon_core.package_identification:_identify(lib/python3.6) by extensions ['ros']
[0.185s] Level 1:colcon.colcon_core.package_identification:_identify(lib/python3.6) by extension 'ros'
[0.185s] Level 1:colcon.colcon_core.package_identification:_identify(lib/python3.6) by extensions ['cmake', 'python']
[0.185s] Level 1:colcon.colcon_core.package_identification:_identify(lib/python3.6) by extension 'cmake'
[0.185s] Level 1:colcon.colcon_core.package_identification:_identify(lib/python3.6) by extension 'python'
[0.185s] Level 1:colcon.colcon_core.package_identification:_identify(lib/python3.6) by extensions ['python_setup_py']
[0.185s] Level 1:colcon.colcon_core.package_identification:_identify(lib/python3.6) by extension 'python_setup_py'
[0.185s] Level 1:colcon.colcon_core.package_identification:_identify(lib/python3.6/site-packages) by extensions ['ignore', 'ignore_ament_install']
[0.185s] Level 1:colcon.colcon_core.package_identification:_identify(lib/python3.6/site-packages) by extension 'ignore'
[0.185s] Level 1:colcon.colcon_core.package_identification:_identify(lib/python3.6/site-packages) by extension 'ignore_ament_install'
[0.186s] Level 1:colcon.colcon_core.package_identification:_identify(lib/python3.6/site-packages) by extensions ['colcon_pkg']
[0.186s] Level 1:colcon.colcon_core.package_identification:_identify(lib/python3.6/site-packages) by extension 'colcon_pkg'
[0.186s] Level 1:colcon.colcon_core.package_identification:_identify(lib/python3.6/site-packages) by extensions ['colcon_meta']
[0.186s] Level 1:colcon.colcon_core.package_identification:_identify(lib/python3.6/site-packages) by extension 'colcon_meta'
[0.186s] Level 1:colcon.colcon_core.package_identification:_identify(lib/python3.6/site-packages) by extensions ['ros']
[0.186s] Level 1:colcon.colcon_core.package_identification:_identify(lib/python3.6/site-packages) by extension 'ros'
[0.186s] Level 1:colcon.colcon_core.package_identification:_identify(lib/python3.6/site-packages) by extensions ['cmake', 'python']
[0.186s] Level 1:colcon.colcon_core.package_identification:_identify(lib/python3.6/site-packages) by extension 'cmake'
[0.186s] Level 1:colcon.colcon_core.package_identification:_identify(lib/python3.6/site-packages) by extension 'python'
[0.186s] Level 1:colcon.colcon_core.package_identification:_identify(lib/python3.6/site-packages) by extensions ['python_setup_py']
[0.186s] Level 1:colcon.colcon_core.package_identification:_identify(lib/python3.6/site-packages) by extension 'python_setup_py'
[0.186s] Level 1:colcon.colcon_core.package_identification:_identify(lib/python3.6/site-packages/mypkg) by extensions ['ignore', 'ignore_ament_install']
[0.186s] Level 1:colcon.colcon_core.package_identification:_identify(lib/python3.6/site-packages/mypkg) by extension 'ignore'
[0.186s] Level 1:colcon.colcon_core.package_identification:_identify(lib/python3.6/site-packages/mypkg) by extension 'ignore_ament_install'
[0.186s] Level 1:colcon.colcon_core.package_identification:_identify(lib/python3.6/site-packages/mypkg) by extensions ['colcon_pkg']
[0.186s] Level 1:colcon.colcon_core.package_identification:_identify(lib/python3.6/site-packages/mypkg) by extension 'colcon_pkg'
[0.186s] Level 1:colcon.colcon_core.package_identification:_identify(lib/python3.6/site-packages/mypkg) by extensions ['colcon_meta']
[0.186s] Level 1:colcon.colcon_core.package_identification:_identify(lib/python3.6/site-packages/mypkg) by extension 'colcon_meta'
[0.186s] Level 1:colcon.colcon_core.package_identification:_identify(lib/python3.6/site-packages/mypkg) by extensions ['ros']
[0.186s] Level 1:colcon.colcon_core.package_identification:_identify(lib/python3.6/site-packages/mypkg) by extension 'ros'
[0.186s] Level 1:colcon.colcon_core.package_identification:_identify(lib/python3.6/site-packages/mypkg) by extensions ['cmake', 'python']
[0.186s] Level 1:colcon.colcon_core.package_identification:_identify(lib/python3.6/site-packages/mypkg) by extension 'cmake'
[0.186s] Level 1:colcon.colcon_core.package_identification:_identify(lib/python3.6/site-packages/mypkg) by extension 'python'
[0.186s] Level 1:colcon.colcon_core.package_identification:_identify(lib/python3.6/site-packages/mypkg) by extensions ['python_setup_py']
[0.186s] Level 1:colcon.colcon_core.package_identification:_identify(lib/python3.6/site-packages/mypkg) by extension 'python_setup_py'
[0.186s] Level 1:colcon.colcon_core.package_identification:_identify(lib/python3.6/site-packages/mypkg/__pycache__) by extensions ['ignore', 'ignore_ament_install']
[0.187s] Level 1:colcon.colcon_core.package_identification:_identify(lib/python3.6/site-packages/mypkg/__pycache__) by extension 'ignore'
[0.187s] Level 1:colcon.colcon_core.package_identification:_identify(lib/python3.6/site-packages/mypkg/__pycache__) by extension 'ignore_ament_install'
[0.187s] Level 1:colcon.colcon_core.package_identification:_identify(lib/python3.6/site-packages/mypkg/__pycache__) by extensions ['colcon_pkg']
[0.187s] Level 1:colcon.colcon_core.package_identification:_identify(lib/python3.6/site-packages/mypkg/__pycache__) by extension 'colcon_pkg'
[0.187s] Level 1:colcon.colcon_core.package_identification:_identify(lib/python3.6/site-packages/mypkg/__pycache__) by extensions ['colcon_meta']
[0.187s] Level 1:colcon.colcon_core.package_identification:_identify(lib/python3.6/site-packages/mypkg/__pycache__) by extension 'colcon_meta'
[0.187s] Level 1:colcon.colcon_core.package_identification:_identify(lib/python3.6/site-packages/mypkg/__pycache__) by extensions ['ros']
[0.187s] Level 1:colcon.colcon_core.package_identification:_identify(lib/python3.6/site-packages/mypkg/__pycache__) by extension 'ros'
[0.187s] Level 1:colcon.colcon_core.package_identification:_identify(lib/python3.6/site-packages/mypkg/__pycache__) by extensions ['cmake', 'python']
[0.187s] Level 1:colcon.colcon_core.package_identification:_identify(lib/python3.6/site-packages/mypkg/__pycache__) by extension 'cmake'
[0.187s] Level 1:colcon.colcon_core.package_identification:_identify(lib/python3.6/site-packages/mypkg/__pycache__) by extension 'python'
[0.187s] Level 1:colcon.colcon_core.package_identification:_identify(lib/python3.6/site-packages/mypkg/__pycache__) by extensions ['python_setup_py']
[0.187s] Level 1:colcon.colcon_core.package_identification:_identify(lib/python3.6/site-packages/mypkg/__pycache__) by extension 'python_setup_py'
[0.187s] Level 1:colcon.colcon_core.package_identification:_identify(lib/python3.6/site-packages/mypkg-0.0.0-py3.6.egg-info) by extensions ['ignore', 'ignore_ament_install']
[0.187s] Level 1:colcon.colcon_core.package_identification:_identify(lib/python3.6/site-packages/mypkg-0.0.0-py3.6.egg-info) by extension 'ignore'
[0.187s] Level 1:colcon.colcon_core.package_identification:_identify(lib/python3.6/site-packages/mypkg-0.0.0-py3.6.egg-info) by extension 'ignore_ament_install'
[0.187s] Level 1:colcon.colcon_core.package_identification:_identify(lib/python3.6/site-packages/mypkg-0.0.0-py3.6.egg-info) by extensions ['colcon_pkg']
[0.187s] Level 1:colcon.colcon_core.package_identification:_identify(lib/python3.6/site-packages/mypkg-0.0.0-py3.6.egg-info) by extension 'colcon_pkg'
[0.187s] Level 1:colcon.colcon_core.package_identification:_identify(lib/python3.6/site-packages/mypkg-0.0.0-py3.6.egg-info) by extensions ['colcon_meta']
[0.187s] Level 1:colcon.colcon_core.package_identification:_identify(lib/python3.6/site-packages/mypkg-0.0.0-py3.6.egg-info) by extension 'colcon_meta'
[0.187s] Level 1:colcon.colcon_core.package_identification:_identify(lib/python3.6/site-packages/mypkg-0.0.0-py3.6.egg-info) by extensions ['ros']
[0.187s] Level 1:colcon.colcon_core.package_identification:_identify(lib/python3.6/site-packages/mypkg-0.0.0-py3.6.egg-info) by extension 'ros'
[0.187s] Level 1:colcon.colcon_core.package_identification:_identify(lib/python3.6/site-packages/mypkg-0.0.0-py3.6.egg-info) by extensions ['cmake', 'python']
[0.187s] Level 1:colcon.colcon_core.package_identification:_identify(lib/python3.6/site-packages/mypkg-0.0.0-py3.6.egg-info) by extension 'cmake'
[0.187s] Level 1:colcon.colcon_core.package_identification:_identify(lib/python3.6/site-packages/mypkg-0.0.0-py3.6.egg-info) by extension 'python'
[0.187s] Level 1:colcon.colcon_core.package_identification:_identify(lib/python3.6/site-packages/mypkg-0.0.0-py3.6.egg-info) by extensions ['python_setup_py']
[0.187s] Level 1:colcon.colcon_core.package_identification:_identify(lib/python3.6/site-packages/mypkg-0.0.0-py3.6.egg-info) by extension 'python_setup_py'
[0.188s] Level 1:colcon.colcon_core.package_identification:_identify(log) by extensions ['ignore', 'ignore_ament_install']
[0.188s] Level 1:colcon.colcon_core.package_identification:_identify(log) by extension 'ignore'
[0.188s] Level 1:colcon.colcon_core.package_identification:_identify(log) ignored
[0.188s] Level 1:colcon.colcon_core.package_discovery:discover_packages(recursive) using defaults
[0.188s] Level 1:colcon.colcon_core.package_discovery:discover_packages(ignore) discover
[0.188s] Level 1:colcon.colcon_core.package_discovery:discover_packages(ignore) using defaults
[0.188s] Level 1:colcon.colcon_core.package_discovery:discover_packages(path) discover
[0.188s] Level 1:colcon.colcon_core.package_discovery:discover_packages(path) using defaults
[0.203s] Level 1:colcon.colcon_core.package_discovery:discover_packages(prefix_path) check parameters
[0.203s] Level 1:colcon.colcon_core.package_discovery:discover_packages(prefix_path) discover
[0.205s] DEBUG:colcon.colcon_installed_package_information.package_discovery:Found 0 installed packages in /home/kachi/ros2_ws/install
[0.206s] DEBUG:colcon.colcon_installed_package_information.package_discovery:Found 215 installed packages in /opt/ros/dashing
[0.207s] Level 1:colcon.colcon_core.package_discovery:discover_packages(prefix_path) using defaults
[0.251s] INFO:colcon.colcon_core.executor:Executing jobs using 'parallel' executor
[0.255s] DEBUG:colcon.colcon_parallel_executor.executor.parallel:run_until_complete
[0.255s] DEBUG:colcon.colcon_parallel_executor.executor.parallel:closing loop
[0.255s] DEBUG:colcon.colcon_parallel_executor.executor.parallel:loop closed
[0.255s] DEBUG:colcon.colcon_parallel_executor.executor.parallel:run_until_complete finished with '0'
[0.255s] DEBUG:colcon.colcon_core.event_reactor:joining thread
[0.280s] INFO:colcon.colcon_core.plugin_system:Skipping extension 'colcon_notification.desktop_notification.notify_send': Could not find 'notify-send'
[0.281s] INFO:colcon.colcon_core.plugin_system:Skipping extension 'colcon_notification.desktop_notification.terminal_notifier': Not used on non-Darwin systems
[0.281s] INFO:colcon.colcon_core.plugin_system:Skipping extension 'colcon_notification.desktop_notification.win32': Not used on non-Windows systems
[0.281s] INFO:colcon.colcon_notification.desktop_notification:Sending desktop notification using 'notify2'
[0.309s] DEBUG:colcon.colcon_notification.desktop_notification.notify2:Failed to initialize notify2: org.freedesktop.DBus.Error.ServiceUnknown: The name org.freedesktop.Notifications was not provided by any .service files
[0.309s] DEBUG:colcon.colcon_core.event_reactor:joined thread
[0.312s] INFO:colcon.colcon_core.plugin_system:Skipping extension 'colcon_core.shell.bat': Not used on non-Windows systems
[0.312s] INFO:colcon.colcon_core.shell:Creating prefix script '/home/kachi/ros2_ws/install/mypkg/install/local_setup.ps1'
[0.313s] INFO:colcon.colcon_core.shell:Creating prefix util module '/home/kachi/ros2_ws/install/mypkg/install/_local_setup_util_ps1.py'
[0.314s] INFO:colcon.colcon_core.shell:Creating prefix chain script '/home/kachi/ros2_ws/install/mypkg/install/setup.ps1'
[0.315s] INFO:colcon.colcon_core.shell:Creating prefix script '/home/kachi/ros2_ws/install/mypkg/install/local_setup.sh'
[0.315s] INFO:colcon.colcon_core.shell:Creating prefix util module '/home/kachi/ros2_ws/install/mypkg/install/_local_setup_util_sh.py'
[0.315s] INFO:colcon.colcon_core.shell:Creating prefix chain script '/home/kachi/ros2_ws/install/mypkg/install/setup.sh'
[0.316s] INFO:colcon.colcon_core.shell:Creating prefix script '/home/kachi/ros2_ws/install/mypkg/install/local_setup.bash'
[0.316s] INFO:colcon.colcon_core.shell:Creating prefix chain script '/home/kachi/ros2_ws/install/mypkg/install/setup.bash'
[0.317s] INFO:colcon.colcon_core.shell:Creating prefix script '/home/kachi/ros2_ws/install/mypkg/install/local_setup.zsh'
[0.317s] INFO:colcon.colcon_core.shell:Creating prefix chain script '/home/kachi/ros2_ws/install/mypkg/install/setup.zsh'
