[0.395s] DEBUG:colcon:Command line arguments: ['/usr/bin/colcon', 'build']
[0.395s] DEBUG:colcon:Parsed command line arguments: Namespace(allow_overriding=[], ament_cmake_args=None, base_paths=['.'], build_base='build', catkin_cmake_args=None, catkin_skip_building_tests=False, cmake_args=None, cmake_clean_cache=False, cmake_clean_first=False, cmake_force_configure=False, cmake_target=None, cmake_target_skip_unavailable=False, continue_on_error=False, event_handlers=None, executor='parallel', ignore_user_meta=False, install_base='install', log_base=None, log_level=None, main=<bound method BuildVerb.main of <colcon_core.verb.build.BuildVerb object at 0x7fe550f44ac8>>, merge_install=False, metas=['./colcon.meta'], packages_above=None, packages_above_and_dependencies=None, packages_above_depth=None, packages_end=None, packages_ignore=None, packages_ignore_regex=None, packages_select=None, packages_select_build_failed=False, packages_select_by_dep=None, packages_select_regex=None, packages_select_test_failures=False, packages_skip=None, packages_skip_build_finished=False, packages_skip_by_dep=None, packages_skip_regex=None, packages_skip_test_passed=False, packages_skip_up_to=None, packages_start=None, packages_up_to=None, packages_up_to_regex=None, parallel_workers=8, paths=None, symlink_install=False, test_result_base=None, verb_extension=<colcon_core.verb.build.BuildVerb object at 0x7fe550f44ac8>, verb_name='build', verb_parser=<colcon_defaults.argument_parser.defaults.DefaultArgumentsDecorator object at 0x7fe550f44e10>)
[0.422s] Level 1:colcon.colcon_core.package_discovery:discover_packages(colcon_meta) check parameters
[0.422s] Level 1:colcon.colcon_core.package_discovery:discover_packages(recursive) check parameters
[0.422s] Level 1:colcon.colcon_core.package_discovery:discover_packages(ignore) check parameters
[0.422s] Level 1:colcon.colcon_core.package_discovery:discover_packages(path) check parameters
[0.422s] Level 1:colcon.colcon_core.package_discovery:discover_packages(colcon_meta) discover
[0.422s] Level 1:colcon.colcon_core.package_discovery:discover_packages(recursive) discover
[0.422s] INFO:colcon.colcon_core.package_discovery:Crawling recursively for packages in '/home/kachi/ros2_ws'
[0.422s] Level 1:colcon.colcon_core.package_identification:_identify(.) by extensions ['ignore', 'ignore_ament_install']
[0.423s] Level 1:colcon.colcon_core.package_identification:_identify(.) by extension 'ignore'
[0.423s] Level 1:colcon.colcon_core.package_identification:_identify(.) by extension 'ignore_ament_install'
[0.423s] Level 1:colcon.colcon_core.package_identification:_identify(.) by extensions ['colcon_pkg']
[0.423s] Level 1:colcon.colcon_core.package_identification:_identify(.) by extension 'colcon_pkg'
[0.423s] Level 1:colcon.colcon_core.package_identification:_identify(.) by extensions ['colcon_meta']
[0.423s] Level 1:colcon.colcon_core.package_identification:_identify(.) by extension 'colcon_meta'
[0.423s] Level 1:colcon.colcon_core.package_identification:_identify(.) by extensions ['ros']
[0.423s] Level 1:colcon.colcon_core.package_identification:_identify(.) by extension 'ros'
[0.443s] Level 1:colcon.colcon_core.package_identification:_identify(.) by extensions ['cmake', 'python']
[0.443s] Level 1:colcon.colcon_core.package_identification:_identify(.) by extension 'cmake'
[0.443s] Level 1:colcon.colcon_core.package_identification:_identify(.) by extension 'python'
[0.443s] Level 1:colcon.colcon_core.package_identification:_identify(.) by extensions ['python_setup_py']
[0.443s] Level 1:colcon.colcon_core.package_identification:_identify(.) by extension 'python_setup_py'
[0.443s] Level 1:colcon.colcon_core.package_identification:_identify(build) by extensions ['ignore', 'ignore_ament_install']
[0.443s] Level 1:colcon.colcon_core.package_identification:_identify(build) by extension 'ignore'
[0.443s] Level 1:colcon.colcon_core.package_identification:_identify(build) ignored
[0.444s] Level 1:colcon.colcon_core.package_identification:_identify(install) by extensions ['ignore', 'ignore_ament_install']
[0.444s] Level 1:colcon.colcon_core.package_identification:_identify(install) by extension 'ignore'
[0.444s] Level 1:colcon.colcon_core.package_identification:_identify(install) ignored
[0.444s] Level 1:colcon.colcon_core.package_identification:_identify(log) by extensions ['ignore', 'ignore_ament_install']
[0.444s] Level 1:colcon.colcon_core.package_identification:_identify(log) by extension 'ignore'
[0.444s] Level 1:colcon.colcon_core.package_identification:_identify(log) ignored
[0.444s] Level 1:colcon.colcon_core.package_identification:_identify(src) by extensions ['ignore', 'ignore_ament_install']
[0.444s] Level 1:colcon.colcon_core.package_identification:_identify(src) by extension 'ignore'
[0.444s] Level 1:colcon.colcon_core.package_identification:_identify(src) by extension 'ignore_ament_install'
[0.444s] Level 1:colcon.colcon_core.package_identification:_identify(src) by extensions ['colcon_pkg']
[0.444s] Level 1:colcon.colcon_core.package_identification:_identify(src) by extension 'colcon_pkg'
[0.445s] Level 1:colcon.colcon_core.package_identification:_identify(src) by extensions ['colcon_meta']
[0.445s] Level 1:colcon.colcon_core.package_identification:_identify(src) by extension 'colcon_meta'
[0.445s] Level 1:colcon.colcon_core.package_identification:_identify(src) by extensions ['ros']
[0.445s] Level 1:colcon.colcon_core.package_identification:_identify(src) by extension 'ros'
[0.445s] Level 1:colcon.colcon_core.package_identification:_identify(src) by extensions ['cmake', 'python']
[0.445s] Level 1:colcon.colcon_core.package_identification:_identify(src) by extension 'cmake'
[0.445s] Level 1:colcon.colcon_core.package_identification:_identify(src) by extension 'python'
[0.445s] Level 1:colcon.colcon_core.package_identification:_identify(src) by extensions ['python_setup_py']
[0.445s] Level 1:colcon.colcon_core.package_identification:_identify(src) by extension 'python_setup_py'
[0.445s] Level 1:colcon.colcon_core.package_identification:_identify(src/mypkg) by extensions ['ignore', 'ignore_ament_install']
[0.445s] Level 1:colcon.colcon_core.package_identification:_identify(src/mypkg) by extension 'ignore'
[0.445s] Level 1:colcon.colcon_core.package_identification:_identify(src/mypkg) by extension 'ignore_ament_install'
[0.445s] Level 1:colcon.colcon_core.package_identification:_identify(src/mypkg) by extensions ['colcon_pkg']
[0.445s] Level 1:colcon.colcon_core.package_identification:_identify(src/mypkg) by extension 'colcon_pkg'
[0.445s] Level 1:colcon.colcon_core.package_identification:_identify(src/mypkg) by extensions ['colcon_meta']
[0.445s] Level 1:colcon.colcon_core.package_identification:_identify(src/mypkg) by extension 'colcon_meta'
[0.445s] Level 1:colcon.colcon_core.package_identification:_identify(src/mypkg) by extensions ['ros']
[0.445s] Level 1:colcon.colcon_core.package_identification:_identify(src/mypkg) by extension 'ros'
[0.448s] DEBUG:colcon.colcon_core.package_identification:Package 'src/mypkg' with type 'ros.ament_python' and name 'mypkg'
[0.448s] Level 1:colcon.colcon_core.package_identification:_identify(src/person_msgs) by extensions ['ignore', 'ignore_ament_install']
[0.449s] Level 1:colcon.colcon_core.package_identification:_identify(src/person_msgs) by extension 'ignore'
[0.449s] Level 1:colcon.colcon_core.package_identification:_identify(src/person_msgs) by extension 'ignore_ament_install'
[0.449s] Level 1:colcon.colcon_core.package_identification:_identify(src/person_msgs) by extensions ['colcon_pkg']
[0.449s] Level 1:colcon.colcon_core.package_identification:_identify(src/person_msgs) by extension 'colcon_pkg'
[0.449s] Level 1:colcon.colcon_core.package_identification:_identify(src/person_msgs) by extensions ['colcon_meta']
[0.449s] Level 1:colcon.colcon_core.package_identification:_identify(src/person_msgs) by extension 'colcon_meta'
[0.449s] Level 1:colcon.colcon_core.package_identification:_identify(src/person_msgs) by extensions ['ros']
[0.449s] Level 1:colcon.colcon_core.package_identification:_identify(src/person_msgs) by extension 'ros'
[0.450s] DEBUG:colcon.colcon_core.package_identification:Package 'src/person_msgs' with type 'ros.ament_cmake' and name 'person_msgs'
[0.450s] Level 1:colcon.colcon_core.package_discovery:discover_packages(recursive) using defaults
[0.450s] Level 1:colcon.colcon_core.package_discovery:discover_packages(ignore) discover
[0.450s] Level 1:colcon.colcon_core.package_discovery:discover_packages(ignore) using defaults
[0.450s] Level 1:colcon.colcon_core.package_discovery:discover_packages(path) discover
[0.450s] Level 1:colcon.colcon_core.package_discovery:discover_packages(path) using defaults
[0.472s] Level 1:colcon.colcon_core.package_discovery:discover_packages(prefix_path) check parameters
[0.473s] Level 1:colcon.colcon_core.package_discovery:discover_packages(prefix_path) discover
[0.475s] DEBUG:colcon.colcon_installed_package_information.package_discovery:Found 1 installed packages in /home/kachi/ros2_ws/install
[0.477s] DEBUG:colcon.colcon_installed_package_information.package_discovery:Found 215 installed packages in /opt/ros/dashing
[0.479s] Level 1:colcon.colcon_core.package_discovery:discover_packages(prefix_path) using defaults
[0.534s] Level 5:colcon.colcon_core.verb:set package 'mypkg' build argument 'cmake_args' from command line to 'None'
[0.534s] Level 5:colcon.colcon_core.verb:set package 'mypkg' build argument 'cmake_target' from command line to 'None'
[0.534s] Level 5:colcon.colcon_core.verb:set package 'mypkg' build argument 'cmake_target_skip_unavailable' from command line to 'False'
[0.534s] Level 5:colcon.colcon_core.verb:set package 'mypkg' build argument 'cmake_clean_cache' from command line to 'False'
[0.534s] Level 5:colcon.colcon_core.verb:set package 'mypkg' build argument 'cmake_clean_first' from command line to 'False'
[0.534s] Level 5:colcon.colcon_core.verb:set package 'mypkg' build argument 'cmake_force_configure' from command line to 'False'
[0.534s] Level 5:colcon.colcon_core.verb:set package 'mypkg' build argument 'ament_cmake_args' from command line to 'None'
[0.534s] Level 5:colcon.colcon_core.verb:set package 'mypkg' build argument 'catkin_cmake_args' from command line to 'None'
[0.534s] Level 5:colcon.colcon_core.verb:set package 'mypkg' build argument 'catkin_skip_building_tests' from command line to 'False'
[0.534s] DEBUG:colcon.colcon_core.verb:Building package 'mypkg' with the following arguments: {'ament_cmake_args': None, 'build_base': '/home/kachi/ros2_ws/build/mypkg', 'catkin_cmake_args': None, 'catkin_skip_building_tests': False, 'cmake_args': None, 'cmake_clean_cache': False, 'cmake_clean_first': False, 'cmake_force_configure': False, 'cmake_target': None, 'cmake_target_skip_unavailable': False, 'install_base': '/home/kachi/ros2_ws/install/mypkg', 'merge_install': False, 'path': '/home/kachi/ros2_ws/src/mypkg', 'symlink_install': False, 'test_result_base': None}
[0.535s] Level 5:colcon.colcon_core.verb:set package 'person_msgs' build argument 'cmake_args' from command line to 'None'
[0.536s] Level 5:colcon.colcon_core.verb:set package 'person_msgs' build argument 'cmake_target' from command line to 'None'
[0.536s] Level 5:colcon.colcon_core.verb:set package 'person_msgs' build argument 'cmake_target_skip_unavailable' from command line to 'False'
[0.536s] Level 5:colcon.colcon_core.verb:set package 'person_msgs' build argument 'cmake_clean_cache' from command line to 'False'
[0.536s] Level 5:colcon.colcon_core.verb:set package 'person_msgs' build argument 'cmake_clean_first' from command line to 'False'
[0.536s] Level 5:colcon.colcon_core.verb:set package 'person_msgs' build argument 'cmake_force_configure' from command line to 'False'
[0.536s] Level 5:colcon.colcon_core.verb:set package 'person_msgs' build argument 'ament_cmake_args' from command line to 'None'
[0.536s] Level 5:colcon.colcon_core.verb:set package 'person_msgs' build argument 'catkin_cmake_args' from command line to 'None'
[0.536s] Level 5:colcon.colcon_core.verb:set package 'person_msgs' build argument 'catkin_skip_building_tests' from command line to 'False'
[0.536s] DEBUG:colcon.colcon_core.verb:Building package 'person_msgs' with the following arguments: {'ament_cmake_args': None, 'build_base': '/home/kachi/ros2_ws/build/person_msgs', 'catkin_cmake_args': None, 'catkin_skip_building_tests': False, 'cmake_args': None, 'cmake_clean_cache': False, 'cmake_clean_first': False, 'cmake_force_configure': False, 'cmake_target': None, 'cmake_target_skip_unavailable': False, 'install_base': '/home/kachi/ros2_ws/install/person_msgs', 'merge_install': False, 'path': '/home/kachi/ros2_ws/src/person_msgs', 'symlink_install': False, 'test_result_base': None}
[0.536s] INFO:colcon.colcon_core.executor:Executing jobs using 'parallel' executor
[0.541s] DEBUG:colcon.colcon_parallel_executor.executor.parallel:run_until_complete
[0.541s] INFO:colcon.colcon_ros.task.ament_python.build:Building ROS package in '/home/kachi/ros2_ws/src/mypkg' with build type 'ament_python'
[0.542s] Level 1:colcon.colcon_core.shell:create_environment_hook('mypkg', 'ament_prefix_path')
[0.547s] INFO:colcon.colcon_core.plugin_system:Skipping extension 'colcon_core.shell.bat': Not used on non-Windows systems
[0.547s] INFO:colcon.colcon_core.shell:Creating environment hook '/home/kachi/ros2_ws/install/mypkg/share/mypkg/hook/ament_prefix_path.ps1'
[0.548s] INFO:colcon.colcon_core.shell:Creating environment descriptor '/home/kachi/ros2_ws/install/mypkg/share/mypkg/hook/ament_prefix_path.dsv'
[0.550s] INFO:colcon.colcon_core.shell:Creating environment hook '/home/kachi/ros2_ws/install/mypkg/share/mypkg/hook/ament_prefix_path.sh'
[0.554s] INFO:colcon.colcon_core.shell:Skip shell extension 'powershell' for command environment: Not usable outside of PowerShell
[0.555s] DEBUG:colcon.colcon_core.shell:Skip shell extension 'dsv' for command environment
[0.566s] INFO:colcon.colcon_ros.task.ament_cmake.build:Building ROS package in '/home/kachi/ros2_ws/src/person_msgs' with build type 'ament_cmake'
[0.566s] INFO:colcon.colcon_cmake.task.cmake.build:Building CMake package in '/home/kachi/ros2_ws/src/person_msgs'
[0.569s] INFO:colcon.colcon_core.shell:Skip shell extension 'powershell' for command environment: Not usable outside of PowerShell
[0.569s] DEBUG:colcon.colcon_core.shell:Skip shell extension 'dsv' for command environment
[0.885s] INFO:colcon.colcon_core.task.python.build:Building Python package in '/home/kachi/ros2_ws/src/mypkg'
[0.888s] INFO:colcon.colcon_core.shell:Skip shell extension 'powershell' for command environment: Not usable outside of PowerShell
[0.888s] DEBUG:colcon.colcon_core.shell:Skip shell extension 'dsv' for command environment
[0.910s] DEBUG:colcon.colcon_core.event_handler.log_command:Invoking command in '/home/kachi/ros2_ws/build/person_msgs': CMAKE_PREFIX_PATH=/home/kachi/ros2_ws/install/mypkg:/opt/ros/dashing /usr/bin/cmake /home/kachi/ros2_ws/src/person_msgs -DCMAKE_INSTALL_PREFIX=/home/kachi/ros2_ws/install/person_msgs
[1.283s] DEBUG:colcon.colcon_core.event_handler.log_command:Invoking command in '/home/kachi/ros2_ws/src/mypkg': PYTHONPATH=/home/kachi/ros2_ws/install/mypkg/lib/python3.6/site-packages:${PYTHONPATH} /usr/bin/python3 setup.py egg_info --egg-base ../../build/mypkg build --build-base /home/kachi/ros2_ws/build/mypkg/build install --prefix /home/kachi/ros2_ws/install/mypkg --record /home/kachi/ros2_ws/build/mypkg/install.log --single-version-externally-managed
[1.713s] DEBUG:colcon.colcon_core.event_handler.log_command:Invoked command in '/home/kachi/ros2_ws/src/mypkg' returned '0': PYTHONPATH=/home/kachi/ros2_ws/install/mypkg/lib/python3.6/site-packages:${PYTHONPATH} /usr/bin/python3 setup.py egg_info --egg-base ../../build/mypkg build --build-base /home/kachi/ros2_ws/build/mypkg/build install --prefix /home/kachi/ros2_ws/install/mypkg --record /home/kachi/ros2_ws/build/mypkg/install.log --single-version-externally-managed
[1.718s] Level 1:colcon.colcon_core.environment:checking '/home/kachi/ros2_ws/install/mypkg' for CMake module files
[1.719s] Level 1:colcon.colcon_core.environment:checking '/home/kachi/ros2_ws/install/mypkg' for CMake config files
[1.721s] Level 1:colcon.colcon_core.environment:checking '/home/kachi/ros2_ws/install/mypkg/lib'
[1.721s] Level 1:colcon.colcon_core.environment:checking '/home/kachi/ros2_ws/install/mypkg/bin'
[1.721s] Level 1:colcon.colcon_core.environment:checking '/home/kachi/ros2_ws/install/mypkg/lib/pkgconfig/mypkg.pc'
[1.722s] Level 1:colcon.colcon_core.environment:checking '/home/kachi/ros2_ws/install/mypkg/lib/python3.6/site-packages'
[1.722s] Level 1:colcon.colcon_core.shell:create_environment_hook('mypkg', 'pythonpath')
[1.725s] INFO:colcon.colcon_core.shell:Creating environment hook '/home/kachi/ros2_ws/install/mypkg/share/mypkg/hook/pythonpath.ps1'
[1.726s] INFO:colcon.colcon_core.shell:Creating environment descriptor '/home/kachi/ros2_ws/install/mypkg/share/mypkg/hook/pythonpath.dsv'
[1.727s] INFO:colcon.colcon_core.shell:Creating environment hook '/home/kachi/ros2_ws/install/mypkg/share/mypkg/hook/pythonpath.sh'
[1.727s] Level 1:colcon.colcon_core.environment:checking '/home/kachi/ros2_ws/install/mypkg/bin'
[1.728s] Level 1:colcon.colcon_core.environment:create_environment_scripts_only(mypkg)
[1.730s] INFO:colcon.colcon_core.shell:Creating package script '/home/kachi/ros2_ws/install/mypkg/share/mypkg/package.ps1'
[1.732s] INFO:colcon.colcon_core.shell:Creating package descriptor '/home/kachi/ros2_ws/install/mypkg/share/mypkg/package.dsv'
[1.734s] INFO:colcon.colcon_core.shell:Creating package script '/home/kachi/ros2_ws/install/mypkg/share/mypkg/package.sh'
[1.735s] INFO:colcon.colcon_core.shell:Creating package script '/home/kachi/ros2_ws/install/mypkg/share/mypkg/package.bash'
[1.737s] INFO:colcon.colcon_core.shell:Creating package script '/home/kachi/ros2_ws/install/mypkg/share/mypkg/package.zsh'
[1.739s] Level 1:colcon.colcon_core.environment:create_file_with_runtime_dependencies(/home/kachi/ros2_ws/install/mypkg/share/colcon-core/packages/mypkg)
[15.405s] DEBUG:colcon.colcon_core.event_handler.log_command:Invoked command in '/home/kachi/ros2_ws/build/person_msgs' returned '0': CMAKE_PREFIX_PATH=/home/kachi/ros2_ws/install/mypkg:/opt/ros/dashing /usr/bin/cmake /home/kachi/ros2_ws/src/person_msgs -DCMAKE_INSTALL_PREFIX=/home/kachi/ros2_ws/install/person_msgs
[15.410s] DEBUG:colcon.colcon_core.event_handler.log_command:Invoking command in '/home/kachi/ros2_ws/build/person_msgs': CMAKE_PREFIX_PATH=/home/kachi/ros2_ws/install/mypkg:/opt/ros/dashing /usr/bin/cmake --build /home/kachi/ros2_ws/build/person_msgs -- -j8 -l8
[19.299s] DEBUG:colcon.colcon_core.event_handler.log_command:Invoked command in '/home/kachi/ros2_ws/build/person_msgs' returned '0': CMAKE_PREFIX_PATH=/home/kachi/ros2_ws/install/mypkg:/opt/ros/dashing /usr/bin/cmake --build /home/kachi/ros2_ws/build/person_msgs -- -j8 -l8
[19.354s] DEBUG:colcon.colcon_core.event_handler.log_command:Invoking command in '/home/kachi/ros2_ws/build/person_msgs': CMAKE_PREFIX_PATH=/home/kachi/ros2_ws/install/mypkg:/opt/ros/dashing /usr/bin/cmake --build /home/kachi/ros2_ws/build/person_msgs --target install -- -j8 -l8
[19.661s] Level 1:colcon.colcon_core.environment:create_environment_scripts_only(person_msgs)
[19.662s] DEBUG:colcon.colcon_core.event_handler.log_command:Invoked command in '/home/kachi/ros2_ws/build/person_msgs' returned '0': CMAKE_PREFIX_PATH=/home/kachi/ros2_ws/install/mypkg:/opt/ros/dashing /usr/bin/cmake --build /home/kachi/ros2_ws/build/person_msgs --target install -- -j8 -l8
[19.664s] Level 1:colcon.colcon_core.environment:checking '/home/kachi/ros2_ws/install/person_msgs' for CMake module files
[19.665s] Level 1:colcon.colcon_core.environment:checking '/home/kachi/ros2_ws/install/person_msgs' for CMake config files
[19.665s] Level 1:colcon.colcon_core.shell:create_environment_hook('person_msgs', 'cmake_prefix_path')
[19.666s] INFO:colcon.colcon_core.shell:Creating environment hook '/home/kachi/ros2_ws/install/person_msgs/share/person_msgs/hook/cmake_prefix_path.ps1'
[19.667s] INFO:colcon.colcon_core.shell:Creating environment descriptor '/home/kachi/ros2_ws/install/person_msgs/share/person_msgs/hook/cmake_prefix_path.dsv'
[19.667s] INFO:colcon.colcon_core.shell:Creating environment hook '/home/kachi/ros2_ws/install/person_msgs/share/person_msgs/hook/cmake_prefix_path.sh'
[19.668s] Level 1:colcon.colcon_core.environment:checking '/home/kachi/ros2_ws/install/person_msgs/lib'
[19.668s] Level 1:colcon.colcon_core.shell:create_environment_hook('person_msgs', 'ld_library_path_lib')
[19.669s] INFO:colcon.colcon_core.shell:Creating environment hook '/home/kachi/ros2_ws/install/person_msgs/share/person_msgs/hook/ld_library_path_lib.ps1'
[19.669s] INFO:colcon.colcon_core.shell:Creating environment descriptor '/home/kachi/ros2_ws/install/person_msgs/share/person_msgs/hook/ld_library_path_lib.dsv'
[19.670s] INFO:colcon.colcon_core.shell:Creating environment hook '/home/kachi/ros2_ws/install/person_msgs/share/person_msgs/hook/ld_library_path_lib.sh'
[19.670s] Level 1:colcon.colcon_core.environment:checking '/home/kachi/ros2_ws/install/person_msgs/bin'
[19.670s] Level 1:colcon.colcon_core.environment:checking '/home/kachi/ros2_ws/install/person_msgs/lib/pkgconfig/person_msgs.pc'
[19.670s] Level 1:colcon.colcon_core.environment:checking '/home/kachi/ros2_ws/install/person_msgs/lib/python3.6/site-packages'
[19.670s] Level 1:colcon.colcon_core.shell:create_environment_hook('person_msgs', 'pythonpath')
[19.672s] INFO:colcon.colcon_core.shell:Creating environment hook '/home/kachi/ros2_ws/install/person_msgs/share/person_msgs/hook/pythonpath.ps1'
[19.672s] INFO:colcon.colcon_core.shell:Creating environment descriptor '/home/kachi/ros2_ws/install/person_msgs/share/person_msgs/hook/pythonpath.dsv'
[19.672s] INFO:colcon.colcon_core.shell:Creating environment hook '/home/kachi/ros2_ws/install/person_msgs/share/person_msgs/hook/pythonpath.sh'
[19.673s] Level 1:colcon.colcon_core.environment:checking '/home/kachi/ros2_ws/install/person_msgs/bin'
[19.674s] INFO:colcon.colcon_core.shell:Creating package script '/home/kachi/ros2_ws/install/person_msgs/share/person_msgs/package.ps1'
[19.674s] INFO:colcon.colcon_core.shell:Creating package descriptor '/home/kachi/ros2_ws/install/person_msgs/share/person_msgs/package.dsv'
[19.675s] INFO:colcon.colcon_core.shell:Creating package script '/home/kachi/ros2_ws/install/person_msgs/share/person_msgs/package.sh'
[19.675s] INFO:colcon.colcon_core.shell:Creating package script '/home/kachi/ros2_ws/install/person_msgs/share/person_msgs/package.bash'
[19.675s] INFO:colcon.colcon_core.shell:Creating package script '/home/kachi/ros2_ws/install/person_msgs/share/person_msgs/package.zsh'
[19.676s] Level 1:colcon.colcon_core.environment:create_file_with_runtime_dependencies(/home/kachi/ros2_ws/install/person_msgs/share/colcon-core/packages/person_msgs)
[19.721s] Level 1:colcon.colcon_core.environment:create_environment_scripts_only(person_msgs)
[19.723s] Level 1:colcon.colcon_core.environment:checking '/home/kachi/ros2_ws/install/person_msgs' for CMake module files
[19.724s] Level 1:colcon.colcon_core.environment:checking '/home/kachi/ros2_ws/install/person_msgs' for CMake config files
[19.724s] Level 1:colcon.colcon_core.shell:create_environment_hook('person_msgs', 'cmake_prefix_path')
[19.725s] INFO:colcon.colcon_core.shell:Creating environment hook '/home/kachi/ros2_ws/install/person_msgs/share/person_msgs/hook/cmake_prefix_path.ps1'
[19.726s] INFO:colcon.colcon_core.shell:Creating environment descriptor '/home/kachi/ros2_ws/install/person_msgs/share/person_msgs/hook/cmake_prefix_path.dsv'
[19.726s] INFO:colcon.colcon_core.shell:Creating environment hook '/home/kachi/ros2_ws/install/person_msgs/share/person_msgs/hook/cmake_prefix_path.sh'
[19.727s] Level 1:colcon.colcon_core.environment:checking '/home/kachi/ros2_ws/install/person_msgs/lib'
[19.728s] Level 1:colcon.colcon_core.shell:create_environment_hook('person_msgs', 'ld_library_path_lib')
[19.729s] INFO:colcon.colcon_core.shell:Creating environment hook '/home/kachi/ros2_ws/install/person_msgs/share/person_msgs/hook/ld_library_path_lib.ps1'
[19.729s] INFO:colcon.colcon_core.shell:Creating environment descriptor '/home/kachi/ros2_ws/install/person_msgs/share/person_msgs/hook/ld_library_path_lib.dsv'
[19.729s] INFO:colcon.colcon_core.shell:Creating environment hook '/home/kachi/ros2_ws/install/person_msgs/share/person_msgs/hook/ld_library_path_lib.sh'
[19.730s] Level 1:colcon.colcon_core.environment:checking '/home/kachi/ros2_ws/install/person_msgs/bin'
[19.730s] Level 1:colcon.colcon_core.environment:checking '/home/kachi/ros2_ws/install/person_msgs/lib/pkgconfig/person_msgs.pc'
[19.730s] Level 1:colcon.colcon_core.environment:checking '/home/kachi/ros2_ws/install/person_msgs/lib/python3.6/site-packages'
[19.730s] Level 1:colcon.colcon_core.shell:create_environment_hook('person_msgs', 'pythonpath')
[19.731s] INFO:colcon.colcon_core.shell:Creating environment hook '/home/kachi/ros2_ws/install/person_msgs/share/person_msgs/hook/pythonpath.ps1'
[19.732s] INFO:colcon.colcon_core.shell:Creating environment descriptor '/home/kachi/ros2_ws/install/person_msgs/share/person_msgs/hook/pythonpath.dsv'
[19.732s] INFO:colcon.colcon_core.shell:Creating environment hook '/home/kachi/ros2_ws/install/person_msgs/share/person_msgs/hook/pythonpath.sh'
[19.732s] Level 1:colcon.colcon_core.environment:checking '/home/kachi/ros2_ws/install/person_msgs/bin'
[19.735s] INFO:colcon.colcon_core.shell:Creating package script '/home/kachi/ros2_ws/install/person_msgs/share/person_msgs/package.ps1'
[19.736s] INFO:colcon.colcon_core.shell:Creating package descriptor '/home/kachi/ros2_ws/install/person_msgs/share/person_msgs/package.dsv'
[19.737s] INFO:colcon.colcon_core.shell:Creating package script '/home/kachi/ros2_ws/install/person_msgs/share/person_msgs/package.sh'
[19.737s] INFO:colcon.colcon_core.shell:Creating package script '/home/kachi/ros2_ws/install/person_msgs/share/person_msgs/package.bash'
[19.737s] INFO:colcon.colcon_core.shell:Creating package script '/home/kachi/ros2_ws/install/person_msgs/share/person_msgs/package.zsh'
[19.738s] Level 1:colcon.colcon_core.environment:create_file_with_runtime_dependencies(/home/kachi/ros2_ws/install/person_msgs/share/colcon-core/packages/person_msgs)
[19.738s] DEBUG:colcon.colcon_parallel_executor.executor.parallel:closing loop
[19.740s] DEBUG:colcon.colcon_parallel_executor.executor.parallel:loop closed
[19.740s] DEBUG:colcon.colcon_parallel_executor.executor.parallel:run_until_complete finished with '0'
[19.740s] DEBUG:colcon.colcon_core.event_reactor:joining thread
[19.788s] INFO:colcon.colcon_core.plugin_system:Skipping extension 'colcon_notification.desktop_notification.notify_send': Could not find 'notify-send'
[19.788s] INFO:colcon.colcon_core.plugin_system:Skipping extension 'colcon_notification.desktop_notification.terminal_notifier': Not used on non-Darwin systems
[19.789s] INFO:colcon.colcon_core.plugin_system:Skipping extension 'colcon_notification.desktop_notification.win32': Not used on non-Windows systems
[19.789s] INFO:colcon.colcon_notification.desktop_notification:Sending desktop notification using 'notify2'
[19.810s] DEBUG:colcon.colcon_notification.desktop_notification.notify2:Failed to initialize notify2: org.freedesktop.DBus.Error.ServiceUnknown: The name org.freedesktop.Notifications was not provided by any .service files
[19.811s] DEBUG:colcon.colcon_core.event_reactor:joined thread
[19.812s] INFO:colcon.colcon_core.shell:Creating prefix script '/home/kachi/ros2_ws/install/local_setup.ps1'
[19.814s] INFO:colcon.colcon_core.shell:Creating prefix util module '/home/kachi/ros2_ws/install/_local_setup_util_ps1.py'
[19.815s] INFO:colcon.colcon_core.shell:Creating prefix chain script '/home/kachi/ros2_ws/install/setup.ps1'
[19.816s] INFO:colcon.colcon_core.shell:Creating prefix script '/home/kachi/ros2_ws/install/local_setup.sh'
[19.817s] INFO:colcon.colcon_core.shell:Creating prefix util module '/home/kachi/ros2_ws/install/_local_setup_util_sh.py'
[19.817s] INFO:colcon.colcon_core.shell:Creating prefix chain script '/home/kachi/ros2_ws/install/setup.sh'
[19.818s] INFO:colcon.colcon_core.shell:Creating prefix script '/home/kachi/ros2_ws/install/local_setup.bash'
[19.819s] INFO:colcon.colcon_core.shell:Creating prefix chain script '/home/kachi/ros2_ws/install/setup.bash'
[19.820s] INFO:colcon.colcon_core.shell:Creating prefix script '/home/kachi/ros2_ws/install/local_setup.zsh'
[19.820s] INFO:colcon.colcon_core.shell:Creating prefix chain script '/home/kachi/ros2_ws/install/setup.zsh'
