[0.684s] Invoking command in '/home/kachi/ros2_ws/src/mypkg': PYTHONPATH=/home/kachi/ros2_ws/install/mypkg/lib/python3.6/site-packages:${PYTHONPATH} /usr/bin/python3 setup.py egg_info --egg-base ../../build/mypkg build --build-base /home/kachi/ros2_ws/build/mypkg/build install --prefix /home/kachi/ros2_ws/install/mypkg --record /home/kachi/ros2_ws/build/mypkg/install.log --single-version-externally-managed
[0.925s] running egg_info
[0.926s] writing ../../build/mypkg/mypkg.egg-info/PKG-INFO
[0.927s] writing dependency_links to ../../build/mypkg/mypkg.egg-info/dependency_links.txt
[0.928s] writing entry points to ../../build/mypkg/mypkg.egg-info/entry_points.txt
[0.928s] writing requirements to ../../build/mypkg/mypkg.egg-info/requires.txt
[0.928s] writing top-level names to ../../build/mypkg/mypkg.egg-info/top_level.txt
[0.998s] reading manifest file '../../build/mypkg/mypkg.egg-info/SOURCES.txt'
[0.999s] writing manifest file '../../build/mypkg/mypkg.egg-info/SOURCES.txt'
[0.999s] running build
[1.000s] running build_py
[1.000s] running install
[1.001s] running install_lib
[1.002s] byte-compiling /home/kachi/ros2_ws/install/mypkg/lib/python3.6/site-packages/mypkg/talker.py to talker.cpython-36.pyc
[1.003s] byte-compiling /home/kachi/ros2_ws/install/mypkg/lib/python3.6/site-packages/mypkg/listener.py to listener.cpython-36.pyc
[1.003s] running install_data
[1.004s] running install_egg_info
[1.007s] removing '/home/kachi/ros2_ws/install/mypkg/lib/python3.6/site-packages/mypkg-0.0.0-py3.6.egg-info' (and everything under it)
[1.008s] Copying ../../build/mypkg/mypkg.egg-info to /home/kachi/ros2_ws/install/mypkg/lib/python3.6/site-packages/mypkg-0.0.0-py3.6.egg-info
[1.009s] running install_scripts
[1.040s] Installing talker script to /home/kachi/ros2_ws/install/mypkg/lib/mypkg
[1.040s] writing list of installed files to '/home/kachi/ros2_ws/build/mypkg/install.log'
[1.064s] Invoked command in '/home/kachi/ros2_ws/src/mypkg' returned '0': PYTHONPATH=/home/kachi/ros2_ws/install/mypkg/lib/python3.6/site-packages:${PYTHONPATH} /usr/bin/python3 setup.py egg_info --egg-base ../../build/mypkg build --build-base /home/kachi/ros2_ws/build/mypkg/build install --prefix /home/kachi/ros2_ws/install/mypkg --record /home/kachi/ros2_ws/build/mypkg/install.log --single-version-externally-managed
